[2026-01-29T19:56:46.910+0530] {processor.py:157} INFO - Started process (PID=90542) to work on /home/sunbeam/Desktop/SUNBEAM/Big/big_data_project/airflow_home/dags/retail_etl_dag.py
[2026-01-29T19:56:46.911+0530] {processor.py:829} INFO - Processing file /home/sunbeam/Desktop/SUNBEAM/Big/big_data_project/airflow_home/dags/retail_etl_dag.py for tasks to queue
[2026-01-29T19:56:46.912+0530] {logging_mixin.py:151} INFO - [2026-01-29T19:56:46.912+0530] {dagbag.py:539} INFO - Filling up the DagBag from /home/sunbeam/Desktop/SUNBEAM/Big/big_data_project/airflow_home/dags/retail_etl_dag.py
[2026-01-29T19:56:47.137+0530] {processor.py:839} INFO - DAG(s) dict_keys(['retail_etl_dag']) retrieved from /home/sunbeam/Desktop/SUNBEAM/Big/big_data_project/airflow_home/dags/retail_etl_dag.py
[2026-01-29T19:56:47.147+0530] {logging_mixin.py:151} INFO - [2026-01-29T19:56:47.147+0530] {dag.py:2915} INFO - Sync 1 DAGs
[2026-01-29T19:56:47.219+0530] {logging_mixin.py:151} INFO - [2026-01-29T19:56:47.219+0530] {dag.py:3696} INFO - Setting next_dagrun for retail_etl_dag to 2026-01-28T00:00:00+00:00, run_after=2026-01-29T00:00:00+00:00
[2026-01-29T19:56:47.233+0530] {processor.py:179} INFO - Processing /home/sunbeam/Desktop/SUNBEAM/Big/big_data_project/airflow_home/dags/retail_etl_dag.py took 0.325 seconds
[2026-01-29T19:57:34.055+0530] {processor.py:157} INFO - Started process (PID=90768) to work on /home/sunbeam/Desktop/SUNBEAM/Big/big_data_project/airflow_home/dags/retail_etl_dag.py
[2026-01-29T19:57:34.057+0530] {processor.py:829} INFO - Processing file /home/sunbeam/Desktop/SUNBEAM/Big/big_data_project/airflow_home/dags/retail_etl_dag.py for tasks to queue
[2026-01-29T19:57:34.060+0530] {logging_mixin.py:151} INFO - [2026-01-29T19:57:34.057+0530] {dagbag.py:539} INFO - Filling up the DagBag from /home/sunbeam/Desktop/SUNBEAM/Big/big_data_project/airflow_home/dags/retail_etl_dag.py
[2026-01-29T19:57:35.527+0530] {processor.py:839} INFO - DAG(s) dict_keys(['retail_etl_dag']) retrieved from /home/sunbeam/Desktop/SUNBEAM/Big/big_data_project/airflow_home/dags/retail_etl_dag.py
[2026-01-29T19:57:35.606+0530] {logging_mixin.py:151} INFO - [2026-01-29T19:57:35.602+0530] {dag.py:2915} INFO - Sync 1 DAGs
[2026-01-29T19:57:35.623+0530] {logging_mixin.py:151} INFO - [2026-01-29T19:57:35.622+0530] {dag.py:3696} INFO - Setting next_dagrun for retail_etl_dag to 2026-01-28T00:00:00+00:00, run_after=2026-01-29T00:00:00+00:00
[2026-01-29T19:57:35.640+0530] {processor.py:179} INFO - Processing /home/sunbeam/Desktop/SUNBEAM/Big/big_data_project/airflow_home/dags/retail_etl_dag.py took 1.588 seconds
[2026-01-29T19:58:07.059+0530] {processor.py:157} INFO - Started process (PID=91037) to work on /home/sunbeam/Desktop/SUNBEAM/Big/big_data_project/airflow_home/dags/retail_etl_dag.py
[2026-01-29T19:58:07.060+0530] {processor.py:829} INFO - Processing file /home/sunbeam/Desktop/SUNBEAM/Big/big_data_project/airflow_home/dags/retail_etl_dag.py for tasks to queue
[2026-01-29T19:58:07.061+0530] {logging_mixin.py:151} INFO - [2026-01-29T19:58:07.060+0530] {dagbag.py:539} INFO - Filling up the DagBag from /home/sunbeam/Desktop/SUNBEAM/Big/big_data_project/airflow_home/dags/retail_etl_dag.py
[2026-01-29T19:58:07.341+0530] {processor.py:839} INFO - DAG(s) dict_keys(['retail_etl_dag']) retrieved from /home/sunbeam/Desktop/SUNBEAM/Big/big_data_project/airflow_home/dags/retail_etl_dag.py
[2026-01-29T19:58:07.347+0530] {logging_mixin.py:151} INFO - [2026-01-29T19:58:07.347+0530] {dag.py:2915} INFO - Sync 1 DAGs
[2026-01-29T19:58:07.357+0530] {logging_mixin.py:151} INFO - [2026-01-29T19:58:07.357+0530] {dag.py:3696} INFO - Setting next_dagrun for retail_etl_dag to 2026-01-29T00:00:00+00:00, run_after=2026-01-30T00:00:00+00:00
[2026-01-29T19:58:07.369+0530] {processor.py:179} INFO - Processing /home/sunbeam/Desktop/SUNBEAM/Big/big_data_project/airflow_home/dags/retail_etl_dag.py took 0.314 seconds
[2026-01-29T19:58:37.861+0530] {processor.py:157} INFO - Started process (PID=91185) to work on /home/sunbeam/Desktop/SUNBEAM/Big/big_data_project/airflow_home/dags/retail_etl_dag.py
[2026-01-29T19:58:37.863+0530] {processor.py:829} INFO - Processing file /home/sunbeam/Desktop/SUNBEAM/Big/big_data_project/airflow_home/dags/retail_etl_dag.py for tasks to queue
[2026-01-29T19:58:37.865+0530] {logging_mixin.py:151} INFO - [2026-01-29T19:58:37.864+0530] {dagbag.py:539} INFO - Filling up the DagBag from /home/sunbeam/Desktop/SUNBEAM/Big/big_data_project/airflow_home/dags/retail_etl_dag.py
[2026-01-29T19:58:38.128+0530] {processor.py:839} INFO - DAG(s) dict_keys(['retail_etl_dag']) retrieved from /home/sunbeam/Desktop/SUNBEAM/Big/big_data_project/airflow_home/dags/retail_etl_dag.py
[2026-01-29T19:58:38.133+0530] {logging_mixin.py:151} INFO - [2026-01-29T19:58:38.133+0530] {dag.py:2915} INFO - Sync 1 DAGs
[2026-01-29T19:58:38.143+0530] {logging_mixin.py:151} INFO - [2026-01-29T19:58:38.143+0530] {dag.py:3696} INFO - Setting next_dagrun for retail_etl_dag to 2026-01-29T00:00:00+00:00, run_after=2026-01-30T00:00:00+00:00
[2026-01-29T19:58:38.156+0530] {processor.py:179} INFO - Processing /home/sunbeam/Desktop/SUNBEAM/Big/big_data_project/airflow_home/dags/retail_etl_dag.py took 0.299 seconds
[2026-01-29T19:59:08.426+0530] {processor.py:157} INFO - Started process (PID=91324) to work on /home/sunbeam/Desktop/SUNBEAM/Big/big_data_project/airflow_home/dags/retail_etl_dag.py
[2026-01-29T19:59:08.428+0530] {processor.py:829} INFO - Processing file /home/sunbeam/Desktop/SUNBEAM/Big/big_data_project/airflow_home/dags/retail_etl_dag.py for tasks to queue
[2026-01-29T19:59:08.428+0530] {logging_mixin.py:151} INFO - [2026-01-29T19:59:08.428+0530] {dagbag.py:539} INFO - Filling up the DagBag from /home/sunbeam/Desktop/SUNBEAM/Big/big_data_project/airflow_home/dags/retail_etl_dag.py
[2026-01-29T19:59:08.703+0530] {processor.py:839} INFO - DAG(s) dict_keys(['retail_etl_dag']) retrieved from /home/sunbeam/Desktop/SUNBEAM/Big/big_data_project/airflow_home/dags/retail_etl_dag.py
[2026-01-29T19:59:08.709+0530] {logging_mixin.py:151} INFO - [2026-01-29T19:59:08.709+0530] {dag.py:2915} INFO - Sync 1 DAGs
[2026-01-29T19:59:08.718+0530] {logging_mixin.py:151} INFO - [2026-01-29T19:59:08.718+0530] {dag.py:3696} INFO - Setting next_dagrun for retail_etl_dag to 2026-01-29T00:00:00+00:00, run_after=2026-01-30T00:00:00+00:00
[2026-01-29T19:59:08.732+0530] {processor.py:179} INFO - Processing /home/sunbeam/Desktop/SUNBEAM/Big/big_data_project/airflow_home/dags/retail_etl_dag.py took 0.309 seconds
[2026-01-29T19:59:41.409+0530] {processor.py:157} INFO - Started process (PID=91466) to work on /home/sunbeam/Desktop/SUNBEAM/Big/big_data_project/airflow_home/dags/retail_etl_dag.py
[2026-01-29T19:59:41.411+0530] {processor.py:829} INFO - Processing file /home/sunbeam/Desktop/SUNBEAM/Big/big_data_project/airflow_home/dags/retail_etl_dag.py for tasks to queue
[2026-01-29T19:59:41.411+0530] {logging_mixin.py:151} INFO - [2026-01-29T19:59:41.411+0530] {dagbag.py:539} INFO - Filling up the DagBag from /home/sunbeam/Desktop/SUNBEAM/Big/big_data_project/airflow_home/dags/retail_etl_dag.py
[2026-01-29T19:59:41.776+0530] {processor.py:839} INFO - DAG(s) dict_keys(['retail_etl_dag']) retrieved from /home/sunbeam/Desktop/SUNBEAM/Big/big_data_project/airflow_home/dags/retail_etl_dag.py
[2026-01-29T19:59:41.783+0530] {logging_mixin.py:151} INFO - [2026-01-29T19:59:41.782+0530] {dag.py:2915} INFO - Sync 1 DAGs
[2026-01-29T19:59:41.793+0530] {logging_mixin.py:151} INFO - [2026-01-29T19:59:41.793+0530] {dag.py:3696} INFO - Setting next_dagrun for retail_etl_dag to 2026-01-29T00:00:00+00:00, run_after=2026-01-30T00:00:00+00:00
[2026-01-29T19:59:41.807+0530] {processor.py:179} INFO - Processing /home/sunbeam/Desktop/SUNBEAM/Big/big_data_project/airflow_home/dags/retail_etl_dag.py took 0.400 seconds
[2026-01-29T20:00:13.018+0530] {processor.py:157} INFO - Started process (PID=91599) to work on /home/sunbeam/Desktop/SUNBEAM/Big/big_data_project/airflow_home/dags/retail_etl_dag.py
[2026-01-29T20:00:13.020+0530] {processor.py:829} INFO - Processing file /home/sunbeam/Desktop/SUNBEAM/Big/big_data_project/airflow_home/dags/retail_etl_dag.py for tasks to queue
[2026-01-29T20:00:13.021+0530] {logging_mixin.py:151} INFO - [2026-01-29T20:00:13.020+0530] {dagbag.py:539} INFO - Filling up the DagBag from /home/sunbeam/Desktop/SUNBEAM/Big/big_data_project/airflow_home/dags/retail_etl_dag.py
[2026-01-29T20:00:13.340+0530] {processor.py:839} INFO - DAG(s) dict_keys(['retail_etl_dag']) retrieved from /home/sunbeam/Desktop/SUNBEAM/Big/big_data_project/airflow_home/dags/retail_etl_dag.py
[2026-01-29T20:00:13.346+0530] {logging_mixin.py:151} INFO - [2026-01-29T20:00:13.346+0530] {dag.py:2915} INFO - Sync 1 DAGs
[2026-01-29T20:00:13.355+0530] {logging_mixin.py:151} INFO - [2026-01-29T20:00:13.355+0530] {dag.py:3696} INFO - Setting next_dagrun for retail_etl_dag to 2026-01-29T00:00:00+00:00, run_after=2026-01-30T00:00:00+00:00
[2026-01-29T20:00:13.367+0530] {processor.py:179} INFO - Processing /home/sunbeam/Desktop/SUNBEAM/Big/big_data_project/airflow_home/dags/retail_etl_dag.py took 0.352 seconds
[2026-01-29T20:00:48.162+0530] {processor.py:157} INFO - Started process (PID=91854) to work on /home/sunbeam/Desktop/SUNBEAM/Big/big_data_project/airflow_home/dags/retail_etl_dag.py
[2026-01-29T20:00:48.162+0530] {processor.py:829} INFO - Processing file /home/sunbeam/Desktop/SUNBEAM/Big/big_data_project/airflow_home/dags/retail_etl_dag.py for tasks to queue
[2026-01-29T20:00:48.163+0530] {logging_mixin.py:151} INFO - [2026-01-29T20:00:48.163+0530] {dagbag.py:539} INFO - Filling up the DagBag from /home/sunbeam/Desktop/SUNBEAM/Big/big_data_project/airflow_home/dags/retail_etl_dag.py
[2026-01-29T20:00:48.455+0530] {processor.py:839} INFO - DAG(s) dict_keys(['retail_etl_dag']) retrieved from /home/sunbeam/Desktop/SUNBEAM/Big/big_data_project/airflow_home/dags/retail_etl_dag.py
[2026-01-29T20:00:48.461+0530] {logging_mixin.py:151} INFO - [2026-01-29T20:00:48.460+0530] {dag.py:2915} INFO - Sync 1 DAGs
[2026-01-29T20:00:48.470+0530] {logging_mixin.py:151} INFO - [2026-01-29T20:00:48.470+0530] {dag.py:3696} INFO - Setting next_dagrun for retail_etl_dag to 2026-01-29T00:00:00+00:00, run_after=2026-01-30T00:00:00+00:00
[2026-01-29T20:00:48.484+0530] {processor.py:179} INFO - Processing /home/sunbeam/Desktop/SUNBEAM/Big/big_data_project/airflow_home/dags/retail_etl_dag.py took 0.326 seconds
[2026-01-29T20:01:23.704+0530] {processor.py:157} INFO - Started process (PID=92025) to work on /home/sunbeam/Desktop/SUNBEAM/Big/big_data_project/airflow_home/dags/retail_etl_dag.py
[2026-01-29T20:01:23.706+0530] {processor.py:829} INFO - Processing file /home/sunbeam/Desktop/SUNBEAM/Big/big_data_project/airflow_home/dags/retail_etl_dag.py for tasks to queue
[2026-01-29T20:01:23.707+0530] {logging_mixin.py:151} INFO - [2026-01-29T20:01:23.706+0530] {dagbag.py:539} INFO - Filling up the DagBag from /home/sunbeam/Desktop/SUNBEAM/Big/big_data_project/airflow_home/dags/retail_etl_dag.py
[2026-01-29T20:01:24.011+0530] {processor.py:839} INFO - DAG(s) dict_keys(['retail_etl_dag']) retrieved from /home/sunbeam/Desktop/SUNBEAM/Big/big_data_project/airflow_home/dags/retail_etl_dag.py
[2026-01-29T20:01:24.018+0530] {logging_mixin.py:151} INFO - [2026-01-29T20:01:24.018+0530] {dag.py:2915} INFO - Sync 1 DAGs
[2026-01-29T20:01:24.028+0530] {logging_mixin.py:151} INFO - [2026-01-29T20:01:24.028+0530] {dag.py:3696} INFO - Setting next_dagrun for retail_etl_dag to 2026-01-29T00:00:00+00:00, run_after=2026-01-30T00:00:00+00:00
[2026-01-29T20:01:24.043+0530] {processor.py:179} INFO - Processing /home/sunbeam/Desktop/SUNBEAM/Big/big_data_project/airflow_home/dags/retail_etl_dag.py took 0.343 seconds
[2026-01-29T20:02:00.537+0530] {processor.py:157} INFO - Started process (PID=92154) to work on /home/sunbeam/Desktop/SUNBEAM/Big/big_data_project/airflow_home/dags/retail_etl_dag.py
[2026-01-29T20:02:00.539+0530] {processor.py:829} INFO - Processing file /home/sunbeam/Desktop/SUNBEAM/Big/big_data_project/airflow_home/dags/retail_etl_dag.py for tasks to queue
[2026-01-29T20:02:00.540+0530] {logging_mixin.py:151} INFO - [2026-01-29T20:02:00.540+0530] {dagbag.py:539} INFO - Filling up the DagBag from /home/sunbeam/Desktop/SUNBEAM/Big/big_data_project/airflow_home/dags/retail_etl_dag.py
[2026-01-29T20:02:00.818+0530] {processor.py:839} INFO - DAG(s) dict_keys(['retail_etl_dag']) retrieved from /home/sunbeam/Desktop/SUNBEAM/Big/big_data_project/airflow_home/dags/retail_etl_dag.py
[2026-01-29T20:02:00.823+0530] {logging_mixin.py:151} INFO - [2026-01-29T20:02:00.823+0530] {dag.py:2915} INFO - Sync 1 DAGs
[2026-01-29T20:02:00.833+0530] {logging_mixin.py:151} INFO - [2026-01-29T20:02:00.833+0530] {dag.py:3696} INFO - Setting next_dagrun for retail_etl_dag to 2026-01-29T00:00:00+00:00, run_after=2026-01-30T00:00:00+00:00
[2026-01-29T20:02:00.846+0530] {processor.py:179} INFO - Processing /home/sunbeam/Desktop/SUNBEAM/Big/big_data_project/airflow_home/dags/retail_etl_dag.py took 0.312 seconds
[2026-01-29T20:02:36.528+0530] {processor.py:157} INFO - Started process (PID=92321) to work on /home/sunbeam/Desktop/SUNBEAM/Big/big_data_project/airflow_home/dags/retail_etl_dag.py
[2026-01-29T20:02:36.530+0530] {processor.py:829} INFO - Processing file /home/sunbeam/Desktop/SUNBEAM/Big/big_data_project/airflow_home/dags/retail_etl_dag.py for tasks to queue
[2026-01-29T20:02:36.531+0530] {logging_mixin.py:151} INFO - [2026-01-29T20:02:36.531+0530] {dagbag.py:539} INFO - Filling up the DagBag from /home/sunbeam/Desktop/SUNBEAM/Big/big_data_project/airflow_home/dags/retail_etl_dag.py
[2026-01-29T20:02:36.829+0530] {processor.py:839} INFO - DAG(s) dict_keys(['retail_etl_dag']) retrieved from /home/sunbeam/Desktop/SUNBEAM/Big/big_data_project/airflow_home/dags/retail_etl_dag.py
[2026-01-29T20:02:36.835+0530] {logging_mixin.py:151} INFO - [2026-01-29T20:02:36.834+0530] {dag.py:2915} INFO - Sync 1 DAGs
[2026-01-29T20:02:36.844+0530] {logging_mixin.py:151} INFO - [2026-01-29T20:02:36.844+0530] {dag.py:3696} INFO - Setting next_dagrun for retail_etl_dag to 2026-01-29T00:00:00+00:00, run_after=2026-01-30T00:00:00+00:00
[2026-01-29T20:02:36.859+0530] {processor.py:179} INFO - Processing /home/sunbeam/Desktop/SUNBEAM/Big/big_data_project/airflow_home/dags/retail_etl_dag.py took 0.333 seconds
[2026-01-29T20:03:07.120+0530] {processor.py:157} INFO - Started process (PID=92496) to work on /home/sunbeam/Desktop/SUNBEAM/Big/big_data_project/airflow_home/dags/retail_etl_dag.py
[2026-01-29T20:03:07.121+0530] {processor.py:829} INFO - Processing file /home/sunbeam/Desktop/SUNBEAM/Big/big_data_project/airflow_home/dags/retail_etl_dag.py for tasks to queue
[2026-01-29T20:03:07.122+0530] {logging_mixin.py:151} INFO - [2026-01-29T20:03:07.122+0530] {dagbag.py:539} INFO - Filling up the DagBag from /home/sunbeam/Desktop/SUNBEAM/Big/big_data_project/airflow_home/dags/retail_etl_dag.py
[2026-01-29T20:03:07.413+0530] {processor.py:839} INFO - DAG(s) dict_keys(['retail_etl_dag']) retrieved from /home/sunbeam/Desktop/SUNBEAM/Big/big_data_project/airflow_home/dags/retail_etl_dag.py
[2026-01-29T20:03:07.419+0530] {logging_mixin.py:151} INFO - [2026-01-29T20:03:07.418+0530] {dag.py:2915} INFO - Sync 1 DAGs
[2026-01-29T20:03:07.429+0530] {logging_mixin.py:151} INFO - [2026-01-29T20:03:07.429+0530] {dag.py:3696} INFO - Setting next_dagrun for retail_etl_dag to 2026-01-29T00:00:00+00:00, run_after=2026-01-30T00:00:00+00:00
[2026-01-29T20:03:07.442+0530] {processor.py:179} INFO - Processing /home/sunbeam/Desktop/SUNBEAM/Big/big_data_project/airflow_home/dags/retail_etl_dag.py took 0.324 seconds
[2026-01-29T20:03:38.858+0530] {processor.py:157} INFO - Started process (PID=92664) to work on /home/sunbeam/Desktop/SUNBEAM/Big/big_data_project/airflow_home/dags/retail_etl_dag.py
[2026-01-29T20:03:38.859+0530] {processor.py:829} INFO - Processing file /home/sunbeam/Desktop/SUNBEAM/Big/big_data_project/airflow_home/dags/retail_etl_dag.py for tasks to queue
[2026-01-29T20:03:38.859+0530] {logging_mixin.py:151} INFO - [2026-01-29T20:03:38.859+0530] {dagbag.py:539} INFO - Filling up the DagBag from /home/sunbeam/Desktop/SUNBEAM/Big/big_data_project/airflow_home/dags/retail_etl_dag.py
[2026-01-29T20:03:39.166+0530] {processor.py:839} INFO - DAG(s) dict_keys(['retail_etl_dag']) retrieved from /home/sunbeam/Desktop/SUNBEAM/Big/big_data_project/airflow_home/dags/retail_etl_dag.py
[2026-01-29T20:03:39.172+0530] {logging_mixin.py:151} INFO - [2026-01-29T20:03:39.172+0530] {dag.py:2915} INFO - Sync 1 DAGs
[2026-01-29T20:03:39.182+0530] {logging_mixin.py:151} INFO - [2026-01-29T20:03:39.182+0530] {dag.py:3696} INFO - Setting next_dagrun for retail_etl_dag to 2026-01-29T00:00:00+00:00, run_after=2026-01-30T00:00:00+00:00
[2026-01-29T20:03:39.197+0530] {processor.py:179} INFO - Processing /home/sunbeam/Desktop/SUNBEAM/Big/big_data_project/airflow_home/dags/retail_etl_dag.py took 0.341 seconds
[2026-01-29T20:04:10.680+0530] {processor.py:157} INFO - Started process (PID=92820) to work on /home/sunbeam/Desktop/SUNBEAM/Big/big_data_project/airflow_home/dags/retail_etl_dag.py
[2026-01-29T20:04:10.682+0530] {processor.py:829} INFO - Processing file /home/sunbeam/Desktop/SUNBEAM/Big/big_data_project/airflow_home/dags/retail_etl_dag.py for tasks to queue
[2026-01-29T20:04:10.683+0530] {logging_mixin.py:151} INFO - [2026-01-29T20:04:10.683+0530] {dagbag.py:539} INFO - Filling up the DagBag from /home/sunbeam/Desktop/SUNBEAM/Big/big_data_project/airflow_home/dags/retail_etl_dag.py
[2026-01-29T20:04:10.953+0530] {processor.py:839} INFO - DAG(s) dict_keys(['retail_etl_dag']) retrieved from /home/sunbeam/Desktop/SUNBEAM/Big/big_data_project/airflow_home/dags/retail_etl_dag.py
[2026-01-29T20:04:10.959+0530] {logging_mixin.py:151} INFO - [2026-01-29T20:04:10.959+0530] {dag.py:2915} INFO - Sync 1 DAGs
[2026-01-29T20:04:10.968+0530] {logging_mixin.py:151} INFO - [2026-01-29T20:04:10.968+0530] {dag.py:3696} INFO - Setting next_dagrun for retail_etl_dag to 2026-01-29T00:00:00+00:00, run_after=2026-01-30T00:00:00+00:00
[2026-01-29T20:04:10.981+0530] {processor.py:179} INFO - Processing /home/sunbeam/Desktop/SUNBEAM/Big/big_data_project/airflow_home/dags/retail_etl_dag.py took 0.305 seconds
[2026-01-29T20:04:43.109+0530] {processor.py:157} INFO - Started process (PID=92988) to work on /home/sunbeam/Desktop/SUNBEAM/Big/big_data_project/airflow_home/dags/retail_etl_dag.py
[2026-01-29T20:04:43.109+0530] {processor.py:829} INFO - Processing file /home/sunbeam/Desktop/SUNBEAM/Big/big_data_project/airflow_home/dags/retail_etl_dag.py for tasks to queue
[2026-01-29T20:04:43.110+0530] {logging_mixin.py:151} INFO - [2026-01-29T20:04:43.110+0530] {dagbag.py:539} INFO - Filling up the DagBag from /home/sunbeam/Desktop/SUNBEAM/Big/big_data_project/airflow_home/dags/retail_etl_dag.py
[2026-01-29T20:04:43.409+0530] {processor.py:839} INFO - DAG(s) dict_keys(['retail_etl_dag']) retrieved from /home/sunbeam/Desktop/SUNBEAM/Big/big_data_project/airflow_home/dags/retail_etl_dag.py
[2026-01-29T20:04:43.415+0530] {logging_mixin.py:151} INFO - [2026-01-29T20:04:43.414+0530] {dag.py:2915} INFO - Sync 1 DAGs
[2026-01-29T20:04:43.424+0530] {logging_mixin.py:151} INFO - [2026-01-29T20:04:43.424+0530] {dag.py:3696} INFO - Setting next_dagrun for retail_etl_dag to 2026-01-29T00:00:00+00:00, run_after=2026-01-30T00:00:00+00:00
[2026-01-29T20:04:43.439+0530] {processor.py:179} INFO - Processing /home/sunbeam/Desktop/SUNBEAM/Big/big_data_project/airflow_home/dags/retail_etl_dag.py took 0.333 seconds
[2026-01-29T20:05:16.959+0530] {processor.py:157} INFO - Started process (PID=93144) to work on /home/sunbeam/Desktop/SUNBEAM/Big/big_data_project/airflow_home/dags/retail_etl_dag.py
[2026-01-29T20:05:16.961+0530] {processor.py:829} INFO - Processing file /home/sunbeam/Desktop/SUNBEAM/Big/big_data_project/airflow_home/dags/retail_etl_dag.py for tasks to queue
[2026-01-29T20:05:16.962+0530] {logging_mixin.py:151} INFO - [2026-01-29T20:05:16.962+0530] {dagbag.py:539} INFO - Filling up the DagBag from /home/sunbeam/Desktop/SUNBEAM/Big/big_data_project/airflow_home/dags/retail_etl_dag.py
[2026-01-29T20:05:17.238+0530] {processor.py:839} INFO - DAG(s) dict_keys(['retail_etl_dag']) retrieved from /home/sunbeam/Desktop/SUNBEAM/Big/big_data_project/airflow_home/dags/retail_etl_dag.py
[2026-01-29T20:05:17.244+0530] {logging_mixin.py:151} INFO - [2026-01-29T20:05:17.243+0530] {dag.py:2915} INFO - Sync 1 DAGs
[2026-01-29T20:05:17.253+0530] {logging_mixin.py:151} INFO - [2026-01-29T20:05:17.253+0530] {dag.py:3696} INFO - Setting next_dagrun for retail_etl_dag to 2026-01-29T00:00:00+00:00, run_after=2026-01-30T00:00:00+00:00
[2026-01-29T20:05:17.268+0530] {processor.py:179} INFO - Processing /home/sunbeam/Desktop/SUNBEAM/Big/big_data_project/airflow_home/dags/retail_etl_dag.py took 0.312 seconds
[2026-01-29T20:05:51.393+0530] {processor.py:157} INFO - Started process (PID=93312) to work on /home/sunbeam/Desktop/SUNBEAM/Big/big_data_project/airflow_home/dags/retail_etl_dag.py
[2026-01-29T20:05:51.395+0530] {processor.py:829} INFO - Processing file /home/sunbeam/Desktop/SUNBEAM/Big/big_data_project/airflow_home/dags/retail_etl_dag.py for tasks to queue
[2026-01-29T20:05:51.397+0530] {logging_mixin.py:151} INFO - [2026-01-29T20:05:51.396+0530] {dagbag.py:539} INFO - Filling up the DagBag from /home/sunbeam/Desktop/SUNBEAM/Big/big_data_project/airflow_home/dags/retail_etl_dag.py
[2026-01-29T20:05:51.675+0530] {processor.py:839} INFO - DAG(s) dict_keys(['retail_etl_dag']) retrieved from /home/sunbeam/Desktop/SUNBEAM/Big/big_data_project/airflow_home/dags/retail_etl_dag.py
[2026-01-29T20:05:51.681+0530] {logging_mixin.py:151} INFO - [2026-01-29T20:05:51.681+0530] {dag.py:2915} INFO - Sync 1 DAGs
[2026-01-29T20:05:51.691+0530] {logging_mixin.py:151} INFO - [2026-01-29T20:05:51.690+0530] {dag.py:3696} INFO - Setting next_dagrun for retail_etl_dag to 2026-01-29T00:00:00+00:00, run_after=2026-01-30T00:00:00+00:00
[2026-01-29T20:05:51.703+0530] {processor.py:179} INFO - Processing /home/sunbeam/Desktop/SUNBEAM/Big/big_data_project/airflow_home/dags/retail_etl_dag.py took 0.314 seconds
[2026-01-29T20:06:26.314+0530] {processor.py:157} INFO - Started process (PID=93507) to work on /home/sunbeam/Desktop/SUNBEAM/Big/big_data_project/airflow_home/dags/retail_etl_dag.py
[2026-01-29T20:06:26.317+0530] {processor.py:829} INFO - Processing file /home/sunbeam/Desktop/SUNBEAM/Big/big_data_project/airflow_home/dags/retail_etl_dag.py for tasks to queue
[2026-01-29T20:06:26.318+0530] {logging_mixin.py:151} INFO - [2026-01-29T20:06:26.317+0530] {dagbag.py:539} INFO - Filling up the DagBag from /home/sunbeam/Desktop/SUNBEAM/Big/big_data_project/airflow_home/dags/retail_etl_dag.py
[2026-01-29T20:06:26.586+0530] {processor.py:839} INFO - DAG(s) dict_keys(['retail_etl_dag']) retrieved from /home/sunbeam/Desktop/SUNBEAM/Big/big_data_project/airflow_home/dags/retail_etl_dag.py
[2026-01-29T20:06:26.592+0530] {logging_mixin.py:151} INFO - [2026-01-29T20:06:26.592+0530] {dag.py:2915} INFO - Sync 1 DAGs
[2026-01-29T20:06:26.601+0530] {logging_mixin.py:151} INFO - [2026-01-29T20:06:26.601+0530] {dag.py:3696} INFO - Setting next_dagrun for retail_etl_dag to 2026-01-29T00:00:00+00:00, run_after=2026-01-30T00:00:00+00:00
[2026-01-29T20:06:26.616+0530] {processor.py:179} INFO - Processing /home/sunbeam/Desktop/SUNBEAM/Big/big_data_project/airflow_home/dags/retail_etl_dag.py took 0.305 seconds
[2026-01-29T20:07:00.143+0530] {processor.py:157} INFO - Started process (PID=93676) to work on /home/sunbeam/Desktop/SUNBEAM/Big/big_data_project/airflow_home/dags/retail_etl_dag.py
[2026-01-29T20:07:00.145+0530] {processor.py:829} INFO - Processing file /home/sunbeam/Desktop/SUNBEAM/Big/big_data_project/airflow_home/dags/retail_etl_dag.py for tasks to queue
[2026-01-29T20:07:00.145+0530] {logging_mixin.py:151} INFO - [2026-01-29T20:07:00.145+0530] {dagbag.py:539} INFO - Filling up the DagBag from /home/sunbeam/Desktop/SUNBEAM/Big/big_data_project/airflow_home/dags/retail_etl_dag.py
[2026-01-29T20:07:00.414+0530] {processor.py:839} INFO - DAG(s) dict_keys(['retail_etl_dag']) retrieved from /home/sunbeam/Desktop/SUNBEAM/Big/big_data_project/airflow_home/dags/retail_etl_dag.py
[2026-01-29T20:07:00.420+0530] {logging_mixin.py:151} INFO - [2026-01-29T20:07:00.419+0530] {dag.py:2915} INFO - Sync 1 DAGs
[2026-01-29T20:07:00.429+0530] {logging_mixin.py:151} INFO - [2026-01-29T20:07:00.429+0530] {dag.py:3696} INFO - Setting next_dagrun for retail_etl_dag to 2026-01-29T00:00:00+00:00, run_after=2026-01-30T00:00:00+00:00
[2026-01-29T20:07:00.446+0530] {processor.py:179} INFO - Processing /home/sunbeam/Desktop/SUNBEAM/Big/big_data_project/airflow_home/dags/retail_etl_dag.py took 0.304 seconds
[2026-01-29T20:07:43.401+0530] {processor.py:157} INFO - Started process (PID=93876) to work on /home/sunbeam/Desktop/SUNBEAM/Big/big_data_project/airflow_home/dags/retail_etl_dag.py
[2026-01-29T20:07:43.403+0530] {processor.py:829} INFO - Processing file /home/sunbeam/Desktop/SUNBEAM/Big/big_data_project/airflow_home/dags/retail_etl_dag.py for tasks to queue
[2026-01-29T20:07:43.404+0530] {logging_mixin.py:151} INFO - [2026-01-29T20:07:43.404+0530] {dagbag.py:539} INFO - Filling up the DagBag from /home/sunbeam/Desktop/SUNBEAM/Big/big_data_project/airflow_home/dags/retail_etl_dag.py
[2026-01-29T20:07:43.704+0530] {processor.py:839} INFO - DAG(s) dict_keys(['retail_etl_dag']) retrieved from /home/sunbeam/Desktop/SUNBEAM/Big/big_data_project/airflow_home/dags/retail_etl_dag.py
[2026-01-29T20:07:43.710+0530] {logging_mixin.py:151} INFO - [2026-01-29T20:07:43.709+0530] {dag.py:2915} INFO - Sync 1 DAGs
[2026-01-29T20:07:43.719+0530] {logging_mixin.py:151} INFO - [2026-01-29T20:07:43.719+0530] {dag.py:3696} INFO - Setting next_dagrun for retail_etl_dag to 2026-01-29T00:00:00+00:00, run_after=2026-01-30T00:00:00+00:00
[2026-01-29T20:07:43.733+0530] {processor.py:179} INFO - Processing /home/sunbeam/Desktop/SUNBEAM/Big/big_data_project/airflow_home/dags/retail_etl_dag.py took 0.336 seconds
[2026-01-29T20:08:16.612+0530] {processor.py:157} INFO - Started process (PID=94047) to work on /home/sunbeam/Desktop/SUNBEAM/Big/big_data_project/airflow_home/dags/retail_etl_dag.py
[2026-01-29T20:08:16.614+0530] {processor.py:829} INFO - Processing file /home/sunbeam/Desktop/SUNBEAM/Big/big_data_project/airflow_home/dags/retail_etl_dag.py for tasks to queue
[2026-01-29T20:08:16.615+0530] {logging_mixin.py:151} INFO - [2026-01-29T20:08:16.615+0530] {dagbag.py:539} INFO - Filling up the DagBag from /home/sunbeam/Desktop/SUNBEAM/Big/big_data_project/airflow_home/dags/retail_etl_dag.py
[2026-01-29T20:08:16.894+0530] {processor.py:839} INFO - DAG(s) dict_keys(['retail_etl_dag']) retrieved from /home/sunbeam/Desktop/SUNBEAM/Big/big_data_project/airflow_home/dags/retail_etl_dag.py
[2026-01-29T20:08:16.899+0530] {logging_mixin.py:151} INFO - [2026-01-29T20:08:16.899+0530] {dag.py:2915} INFO - Sync 1 DAGs
[2026-01-29T20:08:16.909+0530] {logging_mixin.py:151} INFO - [2026-01-29T20:08:16.908+0530] {dag.py:3696} INFO - Setting next_dagrun for retail_etl_dag to 2026-01-29T00:00:00+00:00, run_after=2026-01-30T00:00:00+00:00
[2026-01-29T20:08:16.923+0530] {processor.py:179} INFO - Processing /home/sunbeam/Desktop/SUNBEAM/Big/big_data_project/airflow_home/dags/retail_etl_dag.py took 0.313 seconds
[2026-01-29T20:08:49.222+0530] {processor.py:157} INFO - Started process (PID=94199) to work on /home/sunbeam/Desktop/SUNBEAM/Big/big_data_project/airflow_home/dags/retail_etl_dag.py
[2026-01-29T20:08:49.226+0530] {processor.py:829} INFO - Processing file /home/sunbeam/Desktop/SUNBEAM/Big/big_data_project/airflow_home/dags/retail_etl_dag.py for tasks to queue
[2026-01-29T20:08:49.227+0530] {logging_mixin.py:151} INFO - [2026-01-29T20:08:49.227+0530] {dagbag.py:539} INFO - Filling up the DagBag from /home/sunbeam/Desktop/SUNBEAM/Big/big_data_project/airflow_home/dags/retail_etl_dag.py
[2026-01-29T20:08:49.506+0530] {processor.py:839} INFO - DAG(s) dict_keys(['retail_etl_dag']) retrieved from /home/sunbeam/Desktop/SUNBEAM/Big/big_data_project/airflow_home/dags/retail_etl_dag.py
[2026-01-29T20:08:49.511+0530] {logging_mixin.py:151} INFO - [2026-01-29T20:08:49.511+0530] {dag.py:2915} INFO - Sync 1 DAGs
[2026-01-29T20:08:49.520+0530] {logging_mixin.py:151} INFO - [2026-01-29T20:08:49.520+0530] {dag.py:3696} INFO - Setting next_dagrun for retail_etl_dag to 2026-01-29T00:00:00+00:00, run_after=2026-01-30T00:00:00+00:00
[2026-01-29T20:08:49.534+0530] {processor.py:179} INFO - Processing /home/sunbeam/Desktop/SUNBEAM/Big/big_data_project/airflow_home/dags/retail_etl_dag.py took 0.315 seconds
[2026-01-29T20:09:22.956+0530] {processor.py:157} INFO - Started process (PID=94368) to work on /home/sunbeam/Desktop/SUNBEAM/Big/big_data_project/airflow_home/dags/retail_etl_dag.py
[2026-01-29T20:09:22.959+0530] {processor.py:829} INFO - Processing file /home/sunbeam/Desktop/SUNBEAM/Big/big_data_project/airflow_home/dags/retail_etl_dag.py for tasks to queue
[2026-01-29T20:09:22.960+0530] {logging_mixin.py:151} INFO - [2026-01-29T20:09:22.959+0530] {dagbag.py:539} INFO - Filling up the DagBag from /home/sunbeam/Desktop/SUNBEAM/Big/big_data_project/airflow_home/dags/retail_etl_dag.py
[2026-01-29T20:09:23.239+0530] {processor.py:839} INFO - DAG(s) dict_keys(['retail_etl_dag']) retrieved from /home/sunbeam/Desktop/SUNBEAM/Big/big_data_project/airflow_home/dags/retail_etl_dag.py
[2026-01-29T20:09:23.245+0530] {logging_mixin.py:151} INFO - [2026-01-29T20:09:23.244+0530] {dag.py:2915} INFO - Sync 1 DAGs
[2026-01-29T20:09:23.254+0530] {logging_mixin.py:151} INFO - [2026-01-29T20:09:23.254+0530] {dag.py:3696} INFO - Setting next_dagrun for retail_etl_dag to 2026-01-29T00:00:00+00:00, run_after=2026-01-30T00:00:00+00:00
[2026-01-29T20:09:23.268+0530] {processor.py:179} INFO - Processing /home/sunbeam/Desktop/SUNBEAM/Big/big_data_project/airflow_home/dags/retail_etl_dag.py took 0.316 seconds
[2026-01-29T20:09:55.009+0530] {processor.py:157} INFO - Started process (PID=94484) to work on /home/sunbeam/Desktop/SUNBEAM/Big/big_data_project/airflow_home/dags/retail_etl_dag.py
[2026-01-29T20:09:55.013+0530] {processor.py:829} INFO - Processing file /home/sunbeam/Desktop/SUNBEAM/Big/big_data_project/airflow_home/dags/retail_etl_dag.py for tasks to queue
[2026-01-29T20:09:55.014+0530] {logging_mixin.py:151} INFO - [2026-01-29T20:09:55.013+0530] {dagbag.py:539} INFO - Filling up the DagBag from /home/sunbeam/Desktop/SUNBEAM/Big/big_data_project/airflow_home/dags/retail_etl_dag.py
[2026-01-29T20:09:55.290+0530] {processor.py:839} INFO - DAG(s) dict_keys(['retail_etl_dag']) retrieved from /home/sunbeam/Desktop/SUNBEAM/Big/big_data_project/airflow_home/dags/retail_etl_dag.py
[2026-01-29T20:09:55.296+0530] {logging_mixin.py:151} INFO - [2026-01-29T20:09:55.295+0530] {dag.py:2915} INFO - Sync 1 DAGs
[2026-01-29T20:09:55.304+0530] {logging_mixin.py:151} INFO - [2026-01-29T20:09:55.304+0530] {dag.py:3696} INFO - Setting next_dagrun for retail_etl_dag to 2026-01-29T00:00:00+00:00, run_after=2026-01-30T00:00:00+00:00
[2026-01-29T20:09:55.319+0530] {processor.py:179} INFO - Processing /home/sunbeam/Desktop/SUNBEAM/Big/big_data_project/airflow_home/dags/retail_etl_dag.py took 0.313 seconds
[2026-01-29T20:10:28.689+0530] {processor.py:157} INFO - Started process (PID=94632) to work on /home/sunbeam/Desktop/SUNBEAM/Big/big_data_project/airflow_home/dags/retail_etl_dag.py
[2026-01-29T20:10:28.692+0530] {processor.py:829} INFO - Processing file /home/sunbeam/Desktop/SUNBEAM/Big/big_data_project/airflow_home/dags/retail_etl_dag.py for tasks to queue
[2026-01-29T20:10:28.692+0530] {logging_mixin.py:151} INFO - [2026-01-29T20:10:28.692+0530] {dagbag.py:539} INFO - Filling up the DagBag from /home/sunbeam/Desktop/SUNBEAM/Big/big_data_project/airflow_home/dags/retail_etl_dag.py
[2026-01-29T20:10:28.972+0530] {processor.py:839} INFO - DAG(s) dict_keys(['retail_etl_dag']) retrieved from /home/sunbeam/Desktop/SUNBEAM/Big/big_data_project/airflow_home/dags/retail_etl_dag.py
[2026-01-29T20:10:28.978+0530] {logging_mixin.py:151} INFO - [2026-01-29T20:10:28.978+0530] {dag.py:2915} INFO - Sync 1 DAGs
[2026-01-29T20:10:28.987+0530] {logging_mixin.py:151} INFO - [2026-01-29T20:10:28.987+0530] {dag.py:3696} INFO - Setting next_dagrun for retail_etl_dag to 2026-01-29T00:00:00+00:00, run_after=2026-01-30T00:00:00+00:00
[2026-01-29T20:10:29.002+0530] {processor.py:179} INFO - Processing /home/sunbeam/Desktop/SUNBEAM/Big/big_data_project/airflow_home/dags/retail_etl_dag.py took 0.316 seconds
[2026-01-29T20:11:00.756+0530] {processor.py:157} INFO - Started process (PID=94774) to work on /home/sunbeam/Desktop/SUNBEAM/Big/big_data_project/airflow_home/dags/retail_etl_dag.py
[2026-01-29T20:11:00.759+0530] {processor.py:829} INFO - Processing file /home/sunbeam/Desktop/SUNBEAM/Big/big_data_project/airflow_home/dags/retail_etl_dag.py for tasks to queue
[2026-01-29T20:11:00.760+0530] {logging_mixin.py:151} INFO - [2026-01-29T20:11:00.760+0530] {dagbag.py:539} INFO - Filling up the DagBag from /home/sunbeam/Desktop/SUNBEAM/Big/big_data_project/airflow_home/dags/retail_etl_dag.py
[2026-01-29T20:11:01.054+0530] {processor.py:839} INFO - DAG(s) dict_keys(['retail_etl_dag']) retrieved from /home/sunbeam/Desktop/SUNBEAM/Big/big_data_project/airflow_home/dags/retail_etl_dag.py
[2026-01-29T20:11:01.059+0530] {logging_mixin.py:151} INFO - [2026-01-29T20:11:01.059+0530] {dag.py:2915} INFO - Sync 1 DAGs
[2026-01-29T20:11:01.068+0530] {logging_mixin.py:151} INFO - [2026-01-29T20:11:01.068+0530] {dag.py:3696} INFO - Setting next_dagrun for retail_etl_dag to 2026-01-29T00:00:00+00:00, run_after=2026-01-30T00:00:00+00:00
[2026-01-29T20:11:01.081+0530] {processor.py:179} INFO - Processing /home/sunbeam/Desktop/SUNBEAM/Big/big_data_project/airflow_home/dags/retail_etl_dag.py took 0.329 seconds
[2026-01-29T20:11:31.537+0530] {processor.py:157} INFO - Started process (PID=94926) to work on /home/sunbeam/Desktop/SUNBEAM/Big/big_data_project/airflow_home/dags/retail_etl_dag.py
[2026-01-29T20:11:31.538+0530] {processor.py:829} INFO - Processing file /home/sunbeam/Desktop/SUNBEAM/Big/big_data_project/airflow_home/dags/retail_etl_dag.py for tasks to queue
[2026-01-29T20:11:31.539+0530] {logging_mixin.py:151} INFO - [2026-01-29T20:11:31.538+0530] {dagbag.py:539} INFO - Filling up the DagBag from /home/sunbeam/Desktop/SUNBEAM/Big/big_data_project/airflow_home/dags/retail_etl_dag.py
[2026-01-29T20:11:31.801+0530] {processor.py:839} INFO - DAG(s) dict_keys(['retail_etl_dag']) retrieved from /home/sunbeam/Desktop/SUNBEAM/Big/big_data_project/airflow_home/dags/retail_etl_dag.py
[2026-01-29T20:11:31.807+0530] {logging_mixin.py:151} INFO - [2026-01-29T20:11:31.806+0530] {dag.py:2915} INFO - Sync 1 DAGs
[2026-01-29T20:11:31.817+0530] {logging_mixin.py:151} INFO - [2026-01-29T20:11:31.817+0530] {dag.py:3696} INFO - Setting next_dagrun for retail_etl_dag to 2026-01-29T00:00:00+00:00, run_after=2026-01-30T00:00:00+00:00
[2026-01-29T20:11:31.831+0530] {processor.py:179} INFO - Processing /home/sunbeam/Desktop/SUNBEAM/Big/big_data_project/airflow_home/dags/retail_etl_dag.py took 0.297 seconds
[2026-01-29T20:12:12.711+0530] {processor.py:157} INFO - Started process (PID=95099) to work on /home/sunbeam/Desktop/SUNBEAM/Big/big_data_project/airflow_home/dags/retail_etl_dag.py
[2026-01-29T20:12:12.712+0530] {processor.py:829} INFO - Processing file /home/sunbeam/Desktop/SUNBEAM/Big/big_data_project/airflow_home/dags/retail_etl_dag.py for tasks to queue
[2026-01-29T20:12:12.712+0530] {logging_mixin.py:151} INFO - [2026-01-29T20:12:12.712+0530] {dagbag.py:539} INFO - Filling up the DagBag from /home/sunbeam/Desktop/SUNBEAM/Big/big_data_project/airflow_home/dags/retail_etl_dag.py
[2026-01-29T20:12:12.988+0530] {processor.py:839} INFO - DAG(s) dict_keys(['retail_etl_dag']) retrieved from /home/sunbeam/Desktop/SUNBEAM/Big/big_data_project/airflow_home/dags/retail_etl_dag.py
[2026-01-29T20:12:12.994+0530] {logging_mixin.py:151} INFO - [2026-01-29T20:12:12.994+0530] {dag.py:2915} INFO - Sync 1 DAGs
[2026-01-29T20:12:13.005+0530] {logging_mixin.py:151} INFO - [2026-01-29T20:12:13.005+0530] {dag.py:3696} INFO - Setting next_dagrun for retail_etl_dag to 2026-01-29T00:00:00+00:00, run_after=2026-01-30T00:00:00+00:00
[2026-01-29T20:12:13.021+0530] {processor.py:179} INFO - Processing /home/sunbeam/Desktop/SUNBEAM/Big/big_data_project/airflow_home/dags/retail_etl_dag.py took 0.313 seconds
[2026-01-29T20:12:44.463+0530] {processor.py:157} INFO - Started process (PID=95267) to work on /home/sunbeam/Desktop/SUNBEAM/Big/big_data_project/airflow_home/dags/retail_etl_dag.py
[2026-01-29T20:12:44.464+0530] {processor.py:829} INFO - Processing file /home/sunbeam/Desktop/SUNBEAM/Big/big_data_project/airflow_home/dags/retail_etl_dag.py for tasks to queue
[2026-01-29T20:12:44.465+0530] {logging_mixin.py:151} INFO - [2026-01-29T20:12:44.465+0530] {dagbag.py:539} INFO - Filling up the DagBag from /home/sunbeam/Desktop/SUNBEAM/Big/big_data_project/airflow_home/dags/retail_etl_dag.py
[2026-01-29T20:12:44.735+0530] {processor.py:839} INFO - DAG(s) dict_keys(['retail_etl_dag']) retrieved from /home/sunbeam/Desktop/SUNBEAM/Big/big_data_project/airflow_home/dags/retail_etl_dag.py
[2026-01-29T20:12:44.740+0530] {logging_mixin.py:151} INFO - [2026-01-29T20:12:44.740+0530] {dag.py:2915} INFO - Sync 1 DAGs
[2026-01-29T20:12:44.749+0530] {logging_mixin.py:151} INFO - [2026-01-29T20:12:44.749+0530] {dag.py:3696} INFO - Setting next_dagrun for retail_etl_dag to 2026-01-29T00:00:00+00:00, run_after=2026-01-30T00:00:00+00:00
[2026-01-29T20:12:44.767+0530] {processor.py:179} INFO - Processing /home/sunbeam/Desktop/SUNBEAM/Big/big_data_project/airflow_home/dags/retail_etl_dag.py took 0.310 seconds
[2026-01-29T20:13:27.829+0530] {processor.py:157} INFO - Started process (PID=95521) to work on /home/sunbeam/Desktop/SUNBEAM/Big/big_data_project/airflow_home/dags/retail_etl_dag.py
[2026-01-29T20:13:27.832+0530] {processor.py:829} INFO - Processing file /home/sunbeam/Desktop/SUNBEAM/Big/big_data_project/airflow_home/dags/retail_etl_dag.py for tasks to queue
[2026-01-29T20:13:27.833+0530] {logging_mixin.py:151} INFO - [2026-01-29T20:13:27.832+0530] {dagbag.py:539} INFO - Filling up the DagBag from /home/sunbeam/Desktop/SUNBEAM/Big/big_data_project/airflow_home/dags/retail_etl_dag.py
[2026-01-29T20:13:28.104+0530] {processor.py:839} INFO - DAG(s) dict_keys(['retail_etl_dag']) retrieved from /home/sunbeam/Desktop/SUNBEAM/Big/big_data_project/airflow_home/dags/retail_etl_dag.py
[2026-01-29T20:13:28.110+0530] {logging_mixin.py:151} INFO - [2026-01-29T20:13:28.109+0530] {dag.py:2915} INFO - Sync 1 DAGs
[2026-01-29T20:13:28.119+0530] {logging_mixin.py:151} INFO - [2026-01-29T20:13:28.119+0530] {dag.py:3696} INFO - Setting next_dagrun for retail_etl_dag to 2026-01-29T00:00:00+00:00, run_after=2026-01-30T00:00:00+00:00
[2026-01-29T20:13:28.133+0530] {processor.py:179} INFO - Processing /home/sunbeam/Desktop/SUNBEAM/Big/big_data_project/airflow_home/dags/retail_etl_dag.py took 0.307 seconds
[2026-01-29T20:14:01.324+0530] {processor.py:157} INFO - Started process (PID=95670) to work on /home/sunbeam/Desktop/SUNBEAM/Big/big_data_project/airflow_home/dags/retail_etl_dag.py
[2026-01-29T20:14:01.327+0530] {processor.py:829} INFO - Processing file /home/sunbeam/Desktop/SUNBEAM/Big/big_data_project/airflow_home/dags/retail_etl_dag.py for tasks to queue
[2026-01-29T20:14:01.328+0530] {logging_mixin.py:151} INFO - [2026-01-29T20:14:01.327+0530] {dagbag.py:539} INFO - Filling up the DagBag from /home/sunbeam/Desktop/SUNBEAM/Big/big_data_project/airflow_home/dags/retail_etl_dag.py
[2026-01-29T20:14:01.608+0530] {processor.py:839} INFO - DAG(s) dict_keys(['retail_etl_dag']) retrieved from /home/sunbeam/Desktop/SUNBEAM/Big/big_data_project/airflow_home/dags/retail_etl_dag.py
[2026-01-29T20:14:01.614+0530] {logging_mixin.py:151} INFO - [2026-01-29T20:14:01.613+0530] {dag.py:2915} INFO - Sync 1 DAGs
[2026-01-29T20:14:01.623+0530] {logging_mixin.py:151} INFO - [2026-01-29T20:14:01.623+0530] {dag.py:3696} INFO - Setting next_dagrun for retail_etl_dag to 2026-01-29T00:00:00+00:00, run_after=2026-01-30T00:00:00+00:00
[2026-01-29T20:14:01.640+0530] {processor.py:179} INFO - Processing /home/sunbeam/Desktop/SUNBEAM/Big/big_data_project/airflow_home/dags/retail_etl_dag.py took 0.320 seconds
[2026-01-29T20:14:35.231+0530] {processor.py:157} INFO - Started process (PID=95811) to work on /home/sunbeam/Desktop/SUNBEAM/Big/big_data_project/airflow_home/dags/retail_etl_dag.py
[2026-01-29T20:14:35.233+0530] {processor.py:829} INFO - Processing file /home/sunbeam/Desktop/SUNBEAM/Big/big_data_project/airflow_home/dags/retail_etl_dag.py for tasks to queue
[2026-01-29T20:14:35.234+0530] {logging_mixin.py:151} INFO - [2026-01-29T20:14:35.234+0530] {dagbag.py:539} INFO - Filling up the DagBag from /home/sunbeam/Desktop/SUNBEAM/Big/big_data_project/airflow_home/dags/retail_etl_dag.py
[2026-01-29T20:14:35.513+0530] {processor.py:839} INFO - DAG(s) dict_keys(['retail_etl_dag']) retrieved from /home/sunbeam/Desktop/SUNBEAM/Big/big_data_project/airflow_home/dags/retail_etl_dag.py
[2026-01-29T20:14:35.519+0530] {logging_mixin.py:151} INFO - [2026-01-29T20:14:35.519+0530] {dag.py:2915} INFO - Sync 1 DAGs
[2026-01-29T20:14:35.528+0530] {logging_mixin.py:151} INFO - [2026-01-29T20:14:35.528+0530] {dag.py:3696} INFO - Setting next_dagrun for retail_etl_dag to 2026-01-29T00:00:00+00:00, run_after=2026-01-30T00:00:00+00:00
[2026-01-29T20:14:35.542+0530] {processor.py:179} INFO - Processing /home/sunbeam/Desktop/SUNBEAM/Big/big_data_project/airflow_home/dags/retail_etl_dag.py took 0.315 seconds
[2026-01-29T20:15:08.738+0530] {processor.py:157} INFO - Started process (PID=95958) to work on /home/sunbeam/Desktop/SUNBEAM/Big/big_data_project/airflow_home/dags/retail_etl_dag.py
[2026-01-29T20:15:08.739+0530] {processor.py:829} INFO - Processing file /home/sunbeam/Desktop/SUNBEAM/Big/big_data_project/airflow_home/dags/retail_etl_dag.py for tasks to queue
[2026-01-29T20:15:08.739+0530] {logging_mixin.py:151} INFO - [2026-01-29T20:15:08.739+0530] {dagbag.py:539} INFO - Filling up the DagBag from /home/sunbeam/Desktop/SUNBEAM/Big/big_data_project/airflow_home/dags/retail_etl_dag.py
[2026-01-29T20:15:09.016+0530] {processor.py:839} INFO - DAG(s) dict_keys(['retail_etl_dag']) retrieved from /home/sunbeam/Desktop/SUNBEAM/Big/big_data_project/airflow_home/dags/retail_etl_dag.py
[2026-01-29T20:15:09.022+0530] {logging_mixin.py:151} INFO - [2026-01-29T20:15:09.022+0530] {dag.py:2915} INFO - Sync 1 DAGs
[2026-01-29T20:15:09.032+0530] {logging_mixin.py:151} INFO - [2026-01-29T20:15:09.032+0530] {dag.py:3696} INFO - Setting next_dagrun for retail_etl_dag to 2026-01-29T00:00:00+00:00, run_after=2026-01-30T00:00:00+00:00
[2026-01-29T20:15:09.045+0530] {processor.py:179} INFO - Processing /home/sunbeam/Desktop/SUNBEAM/Big/big_data_project/airflow_home/dags/retail_etl_dag.py took 0.311 seconds
[2026-01-29T20:15:40.988+0530] {processor.py:157} INFO - Started process (PID=96124) to work on /home/sunbeam/Desktop/SUNBEAM/Big/big_data_project/airflow_home/dags/retail_etl_dag.py
[2026-01-29T20:15:40.990+0530] {processor.py:829} INFO - Processing file /home/sunbeam/Desktop/SUNBEAM/Big/big_data_project/airflow_home/dags/retail_etl_dag.py for tasks to queue
[2026-01-29T20:15:40.991+0530] {logging_mixin.py:151} INFO - [2026-01-29T20:15:40.990+0530] {dagbag.py:539} INFO - Filling up the DagBag from /home/sunbeam/Desktop/SUNBEAM/Big/big_data_project/airflow_home/dags/retail_etl_dag.py
[2026-01-29T20:15:41.264+0530] {processor.py:839} INFO - DAG(s) dict_keys(['retail_etl_dag']) retrieved from /home/sunbeam/Desktop/SUNBEAM/Big/big_data_project/airflow_home/dags/retail_etl_dag.py
[2026-01-29T20:15:41.270+0530] {logging_mixin.py:151} INFO - [2026-01-29T20:15:41.269+0530] {dag.py:2915} INFO - Sync 1 DAGs
[2026-01-29T20:15:41.279+0530] {logging_mixin.py:151} INFO - [2026-01-29T20:15:41.279+0530] {dag.py:3696} INFO - Setting next_dagrun for retail_etl_dag to 2026-01-29T00:00:00+00:00, run_after=2026-01-30T00:00:00+00:00
[2026-01-29T20:15:41.293+0530] {processor.py:179} INFO - Processing /home/sunbeam/Desktop/SUNBEAM/Big/big_data_project/airflow_home/dags/retail_etl_dag.py took 0.309 seconds
[2026-01-29T20:16:15.013+0530] {processor.py:157} INFO - Started process (PID=96268) to work on /home/sunbeam/Desktop/SUNBEAM/Big/big_data_project/airflow_home/dags/retail_etl_dag.py
[2026-01-29T20:16:15.014+0530] {processor.py:829} INFO - Processing file /home/sunbeam/Desktop/SUNBEAM/Big/big_data_project/airflow_home/dags/retail_etl_dag.py for tasks to queue
[2026-01-29T20:16:15.015+0530] {logging_mixin.py:151} INFO - [2026-01-29T20:16:15.015+0530] {dagbag.py:539} INFO - Filling up the DagBag from /home/sunbeam/Desktop/SUNBEAM/Big/big_data_project/airflow_home/dags/retail_etl_dag.py
[2026-01-29T20:16:15.287+0530] {processor.py:839} INFO - DAG(s) dict_keys(['retail_etl_dag']) retrieved from /home/sunbeam/Desktop/SUNBEAM/Big/big_data_project/airflow_home/dags/retail_etl_dag.py
[2026-01-29T20:16:15.293+0530] {logging_mixin.py:151} INFO - [2026-01-29T20:16:15.292+0530] {dag.py:2915} INFO - Sync 1 DAGs
[2026-01-29T20:16:15.302+0530] {logging_mixin.py:151} INFO - [2026-01-29T20:16:15.302+0530] {dag.py:3696} INFO - Setting next_dagrun for retail_etl_dag to 2026-01-29T00:00:00+00:00, run_after=2026-01-30T00:00:00+00:00
[2026-01-29T20:16:15.316+0530] {processor.py:179} INFO - Processing /home/sunbeam/Desktop/SUNBEAM/Big/big_data_project/airflow_home/dags/retail_etl_dag.py took 0.304 seconds
[2026-01-29T20:16:47.407+0530] {processor.py:157} INFO - Started process (PID=96411) to work on /home/sunbeam/Desktop/SUNBEAM/Big/big_data_project/airflow_home/dags/retail_etl_dag.py
[2026-01-29T20:16:47.409+0530] {processor.py:829} INFO - Processing file /home/sunbeam/Desktop/SUNBEAM/Big/big_data_project/airflow_home/dags/retail_etl_dag.py for tasks to queue
[2026-01-29T20:16:47.409+0530] {logging_mixin.py:151} INFO - [2026-01-29T20:16:47.409+0530] {dagbag.py:539} INFO - Filling up the DagBag from /home/sunbeam/Desktop/SUNBEAM/Big/big_data_project/airflow_home/dags/retail_etl_dag.py
[2026-01-29T20:16:47.686+0530] {processor.py:839} INFO - DAG(s) dict_keys(['retail_etl_dag']) retrieved from /home/sunbeam/Desktop/SUNBEAM/Big/big_data_project/airflow_home/dags/retail_etl_dag.py
[2026-01-29T20:16:47.692+0530] {logging_mixin.py:151} INFO - [2026-01-29T20:16:47.692+0530] {dag.py:2915} INFO - Sync 1 DAGs
[2026-01-29T20:16:47.701+0530] {logging_mixin.py:151} INFO - [2026-01-29T20:16:47.701+0530] {dag.py:3696} INFO - Setting next_dagrun for retail_etl_dag to 2026-01-29T00:00:00+00:00, run_after=2026-01-30T00:00:00+00:00
[2026-01-29T20:16:47.715+0530] {processor.py:179} INFO - Processing /home/sunbeam/Desktop/SUNBEAM/Big/big_data_project/airflow_home/dags/retail_etl_dag.py took 0.310 seconds
[2026-01-29T20:17:20.505+0530] {processor.py:157} INFO - Started process (PID=96558) to work on /home/sunbeam/Desktop/SUNBEAM/Big/big_data_project/airflow_home/dags/retail_etl_dag.py
[2026-01-29T20:17:20.506+0530] {processor.py:829} INFO - Processing file /home/sunbeam/Desktop/SUNBEAM/Big/big_data_project/airflow_home/dags/retail_etl_dag.py for tasks to queue
[2026-01-29T20:17:20.507+0530] {logging_mixin.py:151} INFO - [2026-01-29T20:17:20.507+0530] {dagbag.py:539} INFO - Filling up the DagBag from /home/sunbeam/Desktop/SUNBEAM/Big/big_data_project/airflow_home/dags/retail_etl_dag.py
[2026-01-29T20:17:20.808+0530] {processor.py:839} INFO - DAG(s) dict_keys(['retail_etl_dag']) retrieved from /home/sunbeam/Desktop/SUNBEAM/Big/big_data_project/airflow_home/dags/retail_etl_dag.py
[2026-01-29T20:17:20.813+0530] {logging_mixin.py:151} INFO - [2026-01-29T20:17:20.813+0530] {dag.py:2915} INFO - Sync 1 DAGs
[2026-01-29T20:17:20.822+0530] {logging_mixin.py:151} INFO - [2026-01-29T20:17:20.822+0530] {dag.py:3696} INFO - Setting next_dagrun for retail_etl_dag to 2026-01-29T00:00:00+00:00, run_after=2026-01-30T00:00:00+00:00
[2026-01-29T20:17:20.838+0530] {processor.py:179} INFO - Processing /home/sunbeam/Desktop/SUNBEAM/Big/big_data_project/airflow_home/dags/retail_etl_dag.py took 0.337 seconds
[2026-01-29T20:17:56.304+0530] {processor.py:157} INFO - Started process (PID=96733) to work on /home/sunbeam/Desktop/SUNBEAM/Big/big_data_project/airflow_home/dags/retail_etl_dag.py
[2026-01-29T20:17:56.306+0530] {processor.py:829} INFO - Processing file /home/sunbeam/Desktop/SUNBEAM/Big/big_data_project/airflow_home/dags/retail_etl_dag.py for tasks to queue
[2026-01-29T20:17:56.307+0530] {logging_mixin.py:151} INFO - [2026-01-29T20:17:56.307+0530] {dagbag.py:539} INFO - Filling up the DagBag from /home/sunbeam/Desktop/SUNBEAM/Big/big_data_project/airflow_home/dags/retail_etl_dag.py
[2026-01-29T20:17:56.588+0530] {processor.py:839} INFO - DAG(s) dict_keys(['retail_etl_dag']) retrieved from /home/sunbeam/Desktop/SUNBEAM/Big/big_data_project/airflow_home/dags/retail_etl_dag.py
[2026-01-29T20:17:56.594+0530] {logging_mixin.py:151} INFO - [2026-01-29T20:17:56.593+0530] {dag.py:2915} INFO - Sync 1 DAGs
[2026-01-29T20:17:56.603+0530] {logging_mixin.py:151} INFO - [2026-01-29T20:17:56.603+0530] {dag.py:3696} INFO - Setting next_dagrun for retail_etl_dag to 2026-01-29T00:00:00+00:00, run_after=2026-01-30T00:00:00+00:00
[2026-01-29T20:17:56.616+0530] {processor.py:179} INFO - Processing /home/sunbeam/Desktop/SUNBEAM/Big/big_data_project/airflow_home/dags/retail_etl_dag.py took 0.315 seconds
[2026-01-29T20:18:27.922+0530] {processor.py:157} INFO - Started process (PID=96897) to work on /home/sunbeam/Desktop/SUNBEAM/Big/big_data_project/airflow_home/dags/retail_etl_dag.py
[2026-01-29T20:18:27.923+0530] {processor.py:829} INFO - Processing file /home/sunbeam/Desktop/SUNBEAM/Big/big_data_project/airflow_home/dags/retail_etl_dag.py for tasks to queue
[2026-01-29T20:18:27.924+0530] {logging_mixin.py:151} INFO - [2026-01-29T20:18:27.924+0530] {dagbag.py:539} INFO - Filling up the DagBag from /home/sunbeam/Desktop/SUNBEAM/Big/big_data_project/airflow_home/dags/retail_etl_dag.py
[2026-01-29T20:18:28.188+0530] {processor.py:839} INFO - DAG(s) dict_keys(['retail_etl_dag']) retrieved from /home/sunbeam/Desktop/SUNBEAM/Big/big_data_project/airflow_home/dags/retail_etl_dag.py
[2026-01-29T20:18:28.194+0530] {logging_mixin.py:151} INFO - [2026-01-29T20:18:28.194+0530] {dag.py:2915} INFO - Sync 1 DAGs
[2026-01-29T20:18:28.203+0530] {logging_mixin.py:151} INFO - [2026-01-29T20:18:28.203+0530] {dag.py:3696} INFO - Setting next_dagrun for retail_etl_dag to 2026-01-29T00:00:00+00:00, run_after=2026-01-30T00:00:00+00:00
[2026-01-29T20:18:28.218+0530] {processor.py:179} INFO - Processing /home/sunbeam/Desktop/SUNBEAM/Big/big_data_project/airflow_home/dags/retail_etl_dag.py took 0.299 seconds
[2026-01-29T20:18:59.749+0530] {processor.py:157} INFO - Started process (PID=97055) to work on /home/sunbeam/Desktop/SUNBEAM/Big/big_data_project/airflow_home/dags/retail_etl_dag.py
[2026-01-29T20:18:59.752+0530] {processor.py:829} INFO - Processing file /home/sunbeam/Desktop/SUNBEAM/Big/big_data_project/airflow_home/dags/retail_etl_dag.py for tasks to queue
[2026-01-29T20:18:59.753+0530] {logging_mixin.py:151} INFO - [2026-01-29T20:18:59.753+0530] {dagbag.py:539} INFO - Filling up the DagBag from /home/sunbeam/Desktop/SUNBEAM/Big/big_data_project/airflow_home/dags/retail_etl_dag.py
[2026-01-29T20:19:00.048+0530] {processor.py:839} INFO - DAG(s) dict_keys(['retail_etl_dag']) retrieved from /home/sunbeam/Desktop/SUNBEAM/Big/big_data_project/airflow_home/dags/retail_etl_dag.py
[2026-01-29T20:19:00.054+0530] {logging_mixin.py:151} INFO - [2026-01-29T20:19:00.054+0530] {dag.py:2915} INFO - Sync 1 DAGs
[2026-01-29T20:19:00.064+0530] {logging_mixin.py:151} INFO - [2026-01-29T20:19:00.064+0530] {dag.py:3696} INFO - Setting next_dagrun for retail_etl_dag to 2026-01-29T00:00:00+00:00, run_after=2026-01-30T00:00:00+00:00
[2026-01-29T20:19:00.075+0530] {processor.py:179} INFO - Processing /home/sunbeam/Desktop/SUNBEAM/Big/big_data_project/airflow_home/dags/retail_etl_dag.py took 0.329 seconds
[2026-01-29T20:19:33.326+0530] {processor.py:157} INFO - Started process (PID=97208) to work on /home/sunbeam/Desktop/SUNBEAM/Big/big_data_project/airflow_home/dags/retail_etl_dag.py
[2026-01-29T20:19:33.328+0530] {processor.py:829} INFO - Processing file /home/sunbeam/Desktop/SUNBEAM/Big/big_data_project/airflow_home/dags/retail_etl_dag.py for tasks to queue
[2026-01-29T20:19:33.329+0530] {logging_mixin.py:151} INFO - [2026-01-29T20:19:33.329+0530] {dagbag.py:539} INFO - Filling up the DagBag from /home/sunbeam/Desktop/SUNBEAM/Big/big_data_project/airflow_home/dags/retail_etl_dag.py
[2026-01-29T20:19:33.612+0530] {processor.py:839} INFO - DAG(s) dict_keys(['retail_etl_dag']) retrieved from /home/sunbeam/Desktop/SUNBEAM/Big/big_data_project/airflow_home/dags/retail_etl_dag.py
[2026-01-29T20:19:33.618+0530] {logging_mixin.py:151} INFO - [2026-01-29T20:19:33.617+0530] {dag.py:2915} INFO - Sync 1 DAGs
[2026-01-29T20:19:33.627+0530] {logging_mixin.py:151} INFO - [2026-01-29T20:19:33.627+0530] {dag.py:3696} INFO - Setting next_dagrun for retail_etl_dag to 2026-01-29T00:00:00+00:00, run_after=2026-01-30T00:00:00+00:00
[2026-01-29T20:19:33.641+0530] {processor.py:179} INFO - Processing /home/sunbeam/Desktop/SUNBEAM/Big/big_data_project/airflow_home/dags/retail_etl_dag.py took 0.318 seconds
[2026-01-29T20:20:06.634+0530] {processor.py:157} INFO - Started process (PID=97362) to work on /home/sunbeam/Desktop/SUNBEAM/Big/big_data_project/airflow_home/dags/retail_etl_dag.py
[2026-01-29T20:20:06.636+0530] {processor.py:829} INFO - Processing file /home/sunbeam/Desktop/SUNBEAM/Big/big_data_project/airflow_home/dags/retail_etl_dag.py for tasks to queue
[2026-01-29T20:20:06.636+0530] {logging_mixin.py:151} INFO - [2026-01-29T20:20:06.636+0530] {dagbag.py:539} INFO - Filling up the DagBag from /home/sunbeam/Desktop/SUNBEAM/Big/big_data_project/airflow_home/dags/retail_etl_dag.py
[2026-01-29T20:20:06.911+0530] {processor.py:839} INFO - DAG(s) dict_keys(['retail_etl_dag']) retrieved from /home/sunbeam/Desktop/SUNBEAM/Big/big_data_project/airflow_home/dags/retail_etl_dag.py
[2026-01-29T20:20:06.916+0530] {logging_mixin.py:151} INFO - [2026-01-29T20:20:06.916+0530] {dag.py:2915} INFO - Sync 1 DAGs
[2026-01-29T20:20:06.926+0530] {logging_mixin.py:151} INFO - [2026-01-29T20:20:06.925+0530] {dag.py:3696} INFO - Setting next_dagrun for retail_etl_dag to 2026-01-29T00:00:00+00:00, run_after=2026-01-30T00:00:00+00:00
[2026-01-29T20:20:06.940+0530] {processor.py:179} INFO - Processing /home/sunbeam/Desktop/SUNBEAM/Big/big_data_project/airflow_home/dags/retail_etl_dag.py took 0.309 seconds
[2026-01-29T20:20:38.918+0530] {processor.py:157} INFO - Started process (PID=97501) to work on /home/sunbeam/Desktop/SUNBEAM/Big/big_data_project/airflow_home/dags/retail_etl_dag.py
[2026-01-29T20:20:38.919+0530] {processor.py:829} INFO - Processing file /home/sunbeam/Desktop/SUNBEAM/Big/big_data_project/airflow_home/dags/retail_etl_dag.py for tasks to queue
[2026-01-29T20:20:38.919+0530] {logging_mixin.py:151} INFO - [2026-01-29T20:20:38.919+0530] {dagbag.py:539} INFO - Filling up the DagBag from /home/sunbeam/Desktop/SUNBEAM/Big/big_data_project/airflow_home/dags/retail_etl_dag.py
[2026-01-29T20:20:39.217+0530] {processor.py:839} INFO - DAG(s) dict_keys(['retail_etl_dag']) retrieved from /home/sunbeam/Desktop/SUNBEAM/Big/big_data_project/airflow_home/dags/retail_etl_dag.py
[2026-01-29T20:20:39.223+0530] {logging_mixin.py:151} INFO - [2026-01-29T20:20:39.223+0530] {dag.py:2915} INFO - Sync 1 DAGs
[2026-01-29T20:20:39.232+0530] {logging_mixin.py:151} INFO - [2026-01-29T20:20:39.232+0530] {dag.py:3696} INFO - Setting next_dagrun for retail_etl_dag to 2026-01-29T00:00:00+00:00, run_after=2026-01-30T00:00:00+00:00
[2026-01-29T20:20:39.248+0530] {processor.py:179} INFO - Processing /home/sunbeam/Desktop/SUNBEAM/Big/big_data_project/airflow_home/dags/retail_etl_dag.py took 0.333 seconds
[2026-01-29T20:21:24.089+0530] {processor.py:157} INFO - Started process (PID=97688) to work on /home/sunbeam/Desktop/SUNBEAM/Big/big_data_project/airflow_home/dags/retail_etl_dag.py
[2026-01-29T20:21:24.091+0530] {processor.py:829} INFO - Processing file /home/sunbeam/Desktop/SUNBEAM/Big/big_data_project/airflow_home/dags/retail_etl_dag.py for tasks to queue
[2026-01-29T20:21:24.092+0530] {logging_mixin.py:151} INFO - [2026-01-29T20:21:24.091+0530] {dagbag.py:539} INFO - Filling up the DagBag from /home/sunbeam/Desktop/SUNBEAM/Big/big_data_project/airflow_home/dags/retail_etl_dag.py
[2026-01-29T20:21:24.357+0530] {processor.py:839} INFO - DAG(s) dict_keys(['retail_etl_dag']) retrieved from /home/sunbeam/Desktop/SUNBEAM/Big/big_data_project/airflow_home/dags/retail_etl_dag.py
[2026-01-29T20:21:24.362+0530] {logging_mixin.py:151} INFO - [2026-01-29T20:21:24.362+0530] {dag.py:2915} INFO - Sync 1 DAGs
[2026-01-29T20:21:24.371+0530] {logging_mixin.py:151} INFO - [2026-01-29T20:21:24.371+0530] {dag.py:3696} INFO - Setting next_dagrun for retail_etl_dag to 2026-01-29T00:00:00+00:00, run_after=2026-01-30T00:00:00+00:00
[2026-01-29T20:21:24.385+0530] {processor.py:179} INFO - Processing /home/sunbeam/Desktop/SUNBEAM/Big/big_data_project/airflow_home/dags/retail_etl_dag.py took 0.298 seconds
[2026-01-29T20:21:55.017+0530] {processor.py:157} INFO - Started process (PID=97854) to work on /home/sunbeam/Desktop/SUNBEAM/Big/big_data_project/airflow_home/dags/retail_etl_dag.py
[2026-01-29T20:21:55.020+0530] {processor.py:829} INFO - Processing file /home/sunbeam/Desktop/SUNBEAM/Big/big_data_project/airflow_home/dags/retail_etl_dag.py for tasks to queue
[2026-01-29T20:21:55.020+0530] {logging_mixin.py:151} INFO - [2026-01-29T20:21:55.020+0530] {dagbag.py:539} INFO - Filling up the DagBag from /home/sunbeam/Desktop/SUNBEAM/Big/big_data_project/airflow_home/dags/retail_etl_dag.py
[2026-01-29T20:21:55.312+0530] {processor.py:839} INFO - DAG(s) dict_keys(['retail_etl_dag']) retrieved from /home/sunbeam/Desktop/SUNBEAM/Big/big_data_project/airflow_home/dags/retail_etl_dag.py
[2026-01-29T20:21:55.317+0530] {logging_mixin.py:151} INFO - [2026-01-29T20:21:55.317+0530] {dag.py:2915} INFO - Sync 1 DAGs
[2026-01-29T20:21:55.327+0530] {logging_mixin.py:151} INFO - [2026-01-29T20:21:55.327+0530] {dag.py:3696} INFO - Setting next_dagrun for retail_etl_dag to 2026-01-29T00:00:00+00:00, run_after=2026-01-30T00:00:00+00:00
[2026-01-29T20:21:55.341+0530] {processor.py:179} INFO - Processing /home/sunbeam/Desktop/SUNBEAM/Big/big_data_project/airflow_home/dags/retail_etl_dag.py took 0.326 seconds
[2026-01-29T20:22:28.211+0530] {processor.py:157} INFO - Started process (PID=97986) to work on /home/sunbeam/Desktop/SUNBEAM/Big/big_data_project/airflow_home/dags/retail_etl_dag.py
[2026-01-29T20:22:28.213+0530] {processor.py:829} INFO - Processing file /home/sunbeam/Desktop/SUNBEAM/Big/big_data_project/airflow_home/dags/retail_etl_dag.py for tasks to queue
[2026-01-29T20:22:28.214+0530] {logging_mixin.py:151} INFO - [2026-01-29T20:22:28.214+0530] {dagbag.py:539} INFO - Filling up the DagBag from /home/sunbeam/Desktop/SUNBEAM/Big/big_data_project/airflow_home/dags/retail_etl_dag.py
[2026-01-29T20:22:28.488+0530] {processor.py:839} INFO - DAG(s) dict_keys(['retail_etl_dag']) retrieved from /home/sunbeam/Desktop/SUNBEAM/Big/big_data_project/airflow_home/dags/retail_etl_dag.py
[2026-01-29T20:22:28.494+0530] {logging_mixin.py:151} INFO - [2026-01-29T20:22:28.494+0530] {dag.py:2915} INFO - Sync 1 DAGs
[2026-01-29T20:22:28.503+0530] {logging_mixin.py:151} INFO - [2026-01-29T20:22:28.503+0530] {dag.py:3696} INFO - Setting next_dagrun for retail_etl_dag to 2026-01-29T00:00:00+00:00, run_after=2026-01-30T00:00:00+00:00
[2026-01-29T20:22:28.517+0530] {processor.py:179} INFO - Processing /home/sunbeam/Desktop/SUNBEAM/Big/big_data_project/airflow_home/dags/retail_etl_dag.py took 0.309 seconds
[2026-01-29T20:23:00.206+0530] {processor.py:157} INFO - Started process (PID=98124) to work on /home/sunbeam/Desktop/SUNBEAM/Big/big_data_project/airflow_home/dags/retail_etl_dag.py
[2026-01-29T20:23:00.207+0530] {processor.py:829} INFO - Processing file /home/sunbeam/Desktop/SUNBEAM/Big/big_data_project/airflow_home/dags/retail_etl_dag.py for tasks to queue
[2026-01-29T20:23:00.209+0530] {logging_mixin.py:151} INFO - [2026-01-29T20:23:00.208+0530] {dagbag.py:539} INFO - Filling up the DagBag from /home/sunbeam/Desktop/SUNBEAM/Big/big_data_project/airflow_home/dags/retail_etl_dag.py
[2026-01-29T20:23:00.490+0530] {processor.py:839} INFO - DAG(s) dict_keys(['retail_etl_dag']) retrieved from /home/sunbeam/Desktop/SUNBEAM/Big/big_data_project/airflow_home/dags/retail_etl_dag.py
[2026-01-29T20:23:00.495+0530] {logging_mixin.py:151} INFO - [2026-01-29T20:23:00.495+0530] {dag.py:2915} INFO - Sync 1 DAGs
[2026-01-29T20:23:00.504+0530] {logging_mixin.py:151} INFO - [2026-01-29T20:23:00.504+0530] {dag.py:3696} INFO - Setting next_dagrun for retail_etl_dag to 2026-01-29T00:00:00+00:00, run_after=2026-01-30T00:00:00+00:00
[2026-01-29T20:23:00.517+0530] {processor.py:179} INFO - Processing /home/sunbeam/Desktop/SUNBEAM/Big/big_data_project/airflow_home/dags/retail_etl_dag.py took 0.314 seconds
[2026-01-29T20:23:31.798+0530] {processor.py:157} INFO - Started process (PID=98342) to work on /home/sunbeam/Desktop/SUNBEAM/Big/big_data_project/airflow_home/dags/retail_etl_dag.py
[2026-01-29T20:23:31.799+0530] {processor.py:829} INFO - Processing file /home/sunbeam/Desktop/SUNBEAM/Big/big_data_project/airflow_home/dags/retail_etl_dag.py for tasks to queue
[2026-01-29T20:23:31.800+0530] {logging_mixin.py:151} INFO - [2026-01-29T20:23:31.799+0530] {dagbag.py:539} INFO - Filling up the DagBag from /home/sunbeam/Desktop/SUNBEAM/Big/big_data_project/airflow_home/dags/retail_etl_dag.py
[2026-01-29T20:23:32.077+0530] {processor.py:839} INFO - DAG(s) dict_keys(['retail_etl_dag']) retrieved from /home/sunbeam/Desktop/SUNBEAM/Big/big_data_project/airflow_home/dags/retail_etl_dag.py
[2026-01-29T20:23:32.082+0530] {logging_mixin.py:151} INFO - [2026-01-29T20:23:32.082+0530] {dag.py:2915} INFO - Sync 1 DAGs
[2026-01-29T20:23:32.092+0530] {logging_mixin.py:151} INFO - [2026-01-29T20:23:32.092+0530] {dag.py:3696} INFO - Setting next_dagrun for retail_etl_dag to 2026-01-29T00:00:00+00:00, run_after=2026-01-30T00:00:00+00:00
[2026-01-29T20:23:32.106+0530] {processor.py:179} INFO - Processing /home/sunbeam/Desktop/SUNBEAM/Big/big_data_project/airflow_home/dags/retail_etl_dag.py took 0.312 seconds
[2026-01-29T20:24:05.184+0530] {processor.py:157} INFO - Started process (PID=98507) to work on /home/sunbeam/Desktop/SUNBEAM/Big/big_data_project/airflow_home/dags/retail_etl_dag.py
[2026-01-29T20:24:05.185+0530] {processor.py:829} INFO - Processing file /home/sunbeam/Desktop/SUNBEAM/Big/big_data_project/airflow_home/dags/retail_etl_dag.py for tasks to queue
[2026-01-29T20:24:05.185+0530] {logging_mixin.py:151} INFO - [2026-01-29T20:24:05.185+0530] {dagbag.py:539} INFO - Filling up the DagBag from /home/sunbeam/Desktop/SUNBEAM/Big/big_data_project/airflow_home/dags/retail_etl_dag.py
[2026-01-29T20:24:05.473+0530] {processor.py:839} INFO - DAG(s) dict_keys(['retail_etl_dag']) retrieved from /home/sunbeam/Desktop/SUNBEAM/Big/big_data_project/airflow_home/dags/retail_etl_dag.py
[2026-01-29T20:24:05.479+0530] {logging_mixin.py:151} INFO - [2026-01-29T20:24:05.478+0530] {dag.py:2915} INFO - Sync 1 DAGs
[2026-01-29T20:24:05.488+0530] {logging_mixin.py:151} INFO - [2026-01-29T20:24:05.488+0530] {dag.py:3696} INFO - Setting next_dagrun for retail_etl_dag to 2026-01-29T00:00:00+00:00, run_after=2026-01-30T00:00:00+00:00
[2026-01-29T20:24:05.502+0530] {processor.py:179} INFO - Processing /home/sunbeam/Desktop/SUNBEAM/Big/big_data_project/airflow_home/dags/retail_etl_dag.py took 0.320 seconds
[2026-01-29T20:24:38.095+0530] {processor.py:157} INFO - Started process (PID=98703) to work on /home/sunbeam/Desktop/SUNBEAM/Big/big_data_project/airflow_home/dags/retail_etl_dag.py
[2026-01-29T20:24:38.098+0530] {processor.py:829} INFO - Processing file /home/sunbeam/Desktop/SUNBEAM/Big/big_data_project/airflow_home/dags/retail_etl_dag.py for tasks to queue
[2026-01-29T20:24:38.099+0530] {logging_mixin.py:151} INFO - [2026-01-29T20:24:38.098+0530] {dagbag.py:539} INFO - Filling up the DagBag from /home/sunbeam/Desktop/SUNBEAM/Big/big_data_project/airflow_home/dags/retail_etl_dag.py
[2026-01-29T20:24:38.376+0530] {processor.py:839} INFO - DAG(s) dict_keys(['retail_etl_dag']) retrieved from /home/sunbeam/Desktop/SUNBEAM/Big/big_data_project/airflow_home/dags/retail_etl_dag.py
[2026-01-29T20:24:38.382+0530] {logging_mixin.py:151} INFO - [2026-01-29T20:24:38.382+0530] {dag.py:2915} INFO - Sync 1 DAGs
[2026-01-29T20:24:38.391+0530] {logging_mixin.py:151} INFO - [2026-01-29T20:24:38.391+0530] {dag.py:3696} INFO - Setting next_dagrun for retail_etl_dag to 2026-01-29T00:00:00+00:00, run_after=2026-01-30T00:00:00+00:00
[2026-01-29T20:24:38.404+0530] {processor.py:179} INFO - Processing /home/sunbeam/Desktop/SUNBEAM/Big/big_data_project/airflow_home/dags/retail_etl_dag.py took 0.313 seconds
[2026-01-29T20:25:13.326+0530] {processor.py:157} INFO - Started process (PID=98889) to work on /home/sunbeam/Desktop/SUNBEAM/Big/big_data_project/airflow_home/dags/retail_etl_dag.py
[2026-01-29T20:25:13.329+0530] {processor.py:829} INFO - Processing file /home/sunbeam/Desktop/SUNBEAM/Big/big_data_project/airflow_home/dags/retail_etl_dag.py for tasks to queue
[2026-01-29T20:25:13.330+0530] {logging_mixin.py:151} INFO - [2026-01-29T20:25:13.329+0530] {dagbag.py:539} INFO - Filling up the DagBag from /home/sunbeam/Desktop/SUNBEAM/Big/big_data_project/airflow_home/dags/retail_etl_dag.py
[2026-01-29T20:25:13.609+0530] {processor.py:839} INFO - DAG(s) dict_keys(['retail_etl_dag']) retrieved from /home/sunbeam/Desktop/SUNBEAM/Big/big_data_project/airflow_home/dags/retail_etl_dag.py
[2026-01-29T20:25:13.614+0530] {logging_mixin.py:151} INFO - [2026-01-29T20:25:13.614+0530] {dag.py:2915} INFO - Sync 1 DAGs
[2026-01-29T20:25:13.624+0530] {logging_mixin.py:151} INFO - [2026-01-29T20:25:13.624+0530] {dag.py:3696} INFO - Setting next_dagrun for retail_etl_dag to 2026-01-29T00:00:00+00:00, run_after=2026-01-30T00:00:00+00:00
[2026-01-29T20:25:13.638+0530] {processor.py:179} INFO - Processing /home/sunbeam/Desktop/SUNBEAM/Big/big_data_project/airflow_home/dags/retail_etl_dag.py took 0.315 seconds
[2026-01-29T20:25:45.990+0530] {processor.py:157} INFO - Started process (PID=99027) to work on /home/sunbeam/Desktop/SUNBEAM/Big/big_data_project/airflow_home/dags/retail_etl_dag.py
[2026-01-29T20:25:45.992+0530] {processor.py:829} INFO - Processing file /home/sunbeam/Desktop/SUNBEAM/Big/big_data_project/airflow_home/dags/retail_etl_dag.py for tasks to queue
[2026-01-29T20:25:45.994+0530] {logging_mixin.py:151} INFO - [2026-01-29T20:25:45.993+0530] {dagbag.py:539} INFO - Filling up the DagBag from /home/sunbeam/Desktop/SUNBEAM/Big/big_data_project/airflow_home/dags/retail_etl_dag.py
[2026-01-29T20:25:46.286+0530] {processor.py:839} INFO - DAG(s) dict_keys(['retail_etl_dag']) retrieved from /home/sunbeam/Desktop/SUNBEAM/Big/big_data_project/airflow_home/dags/retail_etl_dag.py
[2026-01-29T20:25:46.292+0530] {logging_mixin.py:151} INFO - [2026-01-29T20:25:46.292+0530] {dag.py:2915} INFO - Sync 1 DAGs
[2026-01-29T20:25:46.301+0530] {logging_mixin.py:151} INFO - [2026-01-29T20:25:46.301+0530] {dag.py:3696} INFO - Setting next_dagrun for retail_etl_dag to 2026-01-29T00:00:00+00:00, run_after=2026-01-30T00:00:00+00:00
[2026-01-29T20:25:46.315+0530] {processor.py:179} INFO - Processing /home/sunbeam/Desktop/SUNBEAM/Big/big_data_project/airflow_home/dags/retail_etl_dag.py took 0.329 seconds
[2026-01-29T20:26:20.621+0530] {processor.py:157} INFO - Started process (PID=99211) to work on /home/sunbeam/Desktop/SUNBEAM/Big/big_data_project/airflow_home/dags/retail_etl_dag.py
[2026-01-29T20:26:20.624+0530] {processor.py:829} INFO - Processing file /home/sunbeam/Desktop/SUNBEAM/Big/big_data_project/airflow_home/dags/retail_etl_dag.py for tasks to queue
[2026-01-29T20:26:20.625+0530] {logging_mixin.py:151} INFO - [2026-01-29T20:26:20.625+0530] {dagbag.py:539} INFO - Filling up the DagBag from /home/sunbeam/Desktop/SUNBEAM/Big/big_data_project/airflow_home/dags/retail_etl_dag.py
[2026-01-29T20:26:20.905+0530] {processor.py:839} INFO - DAG(s) dict_keys(['retail_etl_dag']) retrieved from /home/sunbeam/Desktop/SUNBEAM/Big/big_data_project/airflow_home/dags/retail_etl_dag.py
[2026-01-29T20:26:20.911+0530] {logging_mixin.py:151} INFO - [2026-01-29T20:26:20.911+0530] {dag.py:2915} INFO - Sync 1 DAGs
[2026-01-29T20:26:20.920+0530] {logging_mixin.py:151} INFO - [2026-01-29T20:26:20.920+0530] {dag.py:3696} INFO - Setting next_dagrun for retail_etl_dag to 2026-01-29T00:00:00+00:00, run_after=2026-01-30T00:00:00+00:00
[2026-01-29T20:26:20.935+0530] {processor.py:179} INFO - Processing /home/sunbeam/Desktop/SUNBEAM/Big/big_data_project/airflow_home/dags/retail_etl_dag.py took 0.317 seconds
[2026-01-29T20:26:53.208+0530] {processor.py:157} INFO - Started process (PID=99377) to work on /home/sunbeam/Desktop/SUNBEAM/Big/big_data_project/airflow_home/dags/retail_etl_dag.py
[2026-01-29T20:26:53.211+0530] {processor.py:829} INFO - Processing file /home/sunbeam/Desktop/SUNBEAM/Big/big_data_project/airflow_home/dags/retail_etl_dag.py for tasks to queue
[2026-01-29T20:26:53.212+0530] {logging_mixin.py:151} INFO - [2026-01-29T20:26:53.212+0530] {dagbag.py:539} INFO - Filling up the DagBag from /home/sunbeam/Desktop/SUNBEAM/Big/big_data_project/airflow_home/dags/retail_etl_dag.py
[2026-01-29T20:26:53.506+0530] {processor.py:839} INFO - DAG(s) dict_keys(['retail_etl_dag']) retrieved from /home/sunbeam/Desktop/SUNBEAM/Big/big_data_project/airflow_home/dags/retail_etl_dag.py
[2026-01-29T20:26:53.512+0530] {logging_mixin.py:151} INFO - [2026-01-29T20:26:53.512+0530] {dag.py:2915} INFO - Sync 1 DAGs
[2026-01-29T20:26:53.521+0530] {logging_mixin.py:151} INFO - [2026-01-29T20:26:53.521+0530] {dag.py:3696} INFO - Setting next_dagrun for retail_etl_dag to 2026-01-29T00:00:00+00:00, run_after=2026-01-30T00:00:00+00:00
[2026-01-29T20:26:53.534+0530] {processor.py:179} INFO - Processing /home/sunbeam/Desktop/SUNBEAM/Big/big_data_project/airflow_home/dags/retail_etl_dag.py took 0.330 seconds
[2026-01-29T20:27:26.783+0530] {processor.py:157} INFO - Started process (PID=99529) to work on /home/sunbeam/Desktop/SUNBEAM/Big/big_data_project/airflow_home/dags/retail_etl_dag.py
[2026-01-29T20:27:26.785+0530] {processor.py:829} INFO - Processing file /home/sunbeam/Desktop/SUNBEAM/Big/big_data_project/airflow_home/dags/retail_etl_dag.py for tasks to queue
[2026-01-29T20:27:26.786+0530] {logging_mixin.py:151} INFO - [2026-01-29T20:27:26.786+0530] {dagbag.py:539} INFO - Filling up the DagBag from /home/sunbeam/Desktop/SUNBEAM/Big/big_data_project/airflow_home/dags/retail_etl_dag.py
[2026-01-29T20:27:27.059+0530] {processor.py:839} INFO - DAG(s) dict_keys(['retail_etl_dag']) retrieved from /home/sunbeam/Desktop/SUNBEAM/Big/big_data_project/airflow_home/dags/retail_etl_dag.py
[2026-01-29T20:27:27.065+0530] {logging_mixin.py:151} INFO - [2026-01-29T20:27:27.064+0530] {dag.py:2915} INFO - Sync 1 DAGs
[2026-01-29T20:27:27.074+0530] {logging_mixin.py:151} INFO - [2026-01-29T20:27:27.073+0530] {dag.py:3696} INFO - Setting next_dagrun for retail_etl_dag to 2026-01-29T00:00:00+00:00, run_after=2026-01-30T00:00:00+00:00
[2026-01-29T20:27:27.088+0530] {processor.py:179} INFO - Processing /home/sunbeam/Desktop/SUNBEAM/Big/big_data_project/airflow_home/dags/retail_etl_dag.py took 0.307 seconds
[2026-01-29T20:28:02.120+0530] {processor.py:157} INFO - Started process (PID=99703) to work on /home/sunbeam/Desktop/SUNBEAM/Big/big_data_project/airflow_home/dags/retail_etl_dag.py
[2026-01-29T20:28:02.122+0530] {processor.py:829} INFO - Processing file /home/sunbeam/Desktop/SUNBEAM/Big/big_data_project/airflow_home/dags/retail_etl_dag.py for tasks to queue
[2026-01-29T20:28:02.123+0530] {logging_mixin.py:151} INFO - [2026-01-29T20:28:02.122+0530] {dagbag.py:539} INFO - Filling up the DagBag from /home/sunbeam/Desktop/SUNBEAM/Big/big_data_project/airflow_home/dags/retail_etl_dag.py
[2026-01-29T20:28:02.390+0530] {processor.py:839} INFO - DAG(s) dict_keys(['retail_etl_dag']) retrieved from /home/sunbeam/Desktop/SUNBEAM/Big/big_data_project/airflow_home/dags/retail_etl_dag.py
[2026-01-29T20:28:02.396+0530] {logging_mixin.py:151} INFO - [2026-01-29T20:28:02.396+0530] {dag.py:2915} INFO - Sync 1 DAGs
[2026-01-29T20:28:02.405+0530] {logging_mixin.py:151} INFO - [2026-01-29T20:28:02.405+0530] {dag.py:3696} INFO - Setting next_dagrun for retail_etl_dag to 2026-01-29T00:00:00+00:00, run_after=2026-01-30T00:00:00+00:00
[2026-01-29T20:28:02.419+0530] {processor.py:179} INFO - Processing /home/sunbeam/Desktop/SUNBEAM/Big/big_data_project/airflow_home/dags/retail_etl_dag.py took 0.302 seconds
[2026-01-29T20:28:36.334+0530] {processor.py:157} INFO - Started process (PID=99889) to work on /home/sunbeam/Desktop/SUNBEAM/Big/big_data_project/airflow_home/dags/retail_etl_dag.py
[2026-01-29T20:28:36.335+0530] {processor.py:829} INFO - Processing file /home/sunbeam/Desktop/SUNBEAM/Big/big_data_project/airflow_home/dags/retail_etl_dag.py for tasks to queue
[2026-01-29T20:28:36.335+0530] {logging_mixin.py:151} INFO - [2026-01-29T20:28:36.335+0530] {dagbag.py:539} INFO - Filling up the DagBag from /home/sunbeam/Desktop/SUNBEAM/Big/big_data_project/airflow_home/dags/retail_etl_dag.py
[2026-01-29T20:28:36.597+0530] {processor.py:839} INFO - DAG(s) dict_keys(['retail_etl_dag']) retrieved from /home/sunbeam/Desktop/SUNBEAM/Big/big_data_project/airflow_home/dags/retail_etl_dag.py
[2026-01-29T20:28:36.602+0530] {logging_mixin.py:151} INFO - [2026-01-29T20:28:36.602+0530] {dag.py:2915} INFO - Sync 1 DAGs
[2026-01-29T20:28:36.611+0530] {logging_mixin.py:151} INFO - [2026-01-29T20:28:36.611+0530] {dag.py:3696} INFO - Setting next_dagrun for retail_etl_dag to 2026-01-29T00:00:00+00:00, run_after=2026-01-30T00:00:00+00:00
[2026-01-29T20:28:36.625+0530] {processor.py:179} INFO - Processing /home/sunbeam/Desktop/SUNBEAM/Big/big_data_project/airflow_home/dags/retail_etl_dag.py took 0.293 seconds
[2026-01-29T20:29:09.462+0530] {processor.py:157} INFO - Started process (PID=100065) to work on /home/sunbeam/Desktop/SUNBEAM/Big/big_data_project/airflow_home/dags/retail_etl_dag.py
[2026-01-29T20:29:09.465+0530] {processor.py:829} INFO - Processing file /home/sunbeam/Desktop/SUNBEAM/Big/big_data_project/airflow_home/dags/retail_etl_dag.py for tasks to queue
[2026-01-29T20:29:09.466+0530] {logging_mixin.py:151} INFO - [2026-01-29T20:29:09.465+0530] {dagbag.py:539} INFO - Filling up the DagBag from /home/sunbeam/Desktop/SUNBEAM/Big/big_data_project/airflow_home/dags/retail_etl_dag.py
[2026-01-29T20:29:09.731+0530] {processor.py:839} INFO - DAG(s) dict_keys(['retail_etl_dag']) retrieved from /home/sunbeam/Desktop/SUNBEAM/Big/big_data_project/airflow_home/dags/retail_etl_dag.py
[2026-01-29T20:29:09.737+0530] {logging_mixin.py:151} INFO - [2026-01-29T20:29:09.736+0530] {dag.py:2915} INFO - Sync 1 DAGs
[2026-01-29T20:29:09.746+0530] {logging_mixin.py:151} INFO - [2026-01-29T20:29:09.746+0530] {dag.py:3696} INFO - Setting next_dagrun for retail_etl_dag to 2026-01-29T00:00:00+00:00, run_after=2026-01-30T00:00:00+00:00
[2026-01-29T20:29:09.760+0530] {processor.py:179} INFO - Processing /home/sunbeam/Desktop/SUNBEAM/Big/big_data_project/airflow_home/dags/retail_etl_dag.py took 0.302 seconds
[2026-01-29T20:29:43.891+0530] {processor.py:157} INFO - Started process (PID=100206) to work on /home/sunbeam/Desktop/SUNBEAM/Big/big_data_project/airflow_home/dags/retail_etl_dag.py
[2026-01-29T20:29:43.892+0530] {processor.py:829} INFO - Processing file /home/sunbeam/Desktop/SUNBEAM/Big/big_data_project/airflow_home/dags/retail_etl_dag.py for tasks to queue
[2026-01-29T20:29:43.893+0530] {logging_mixin.py:151} INFO - [2026-01-29T20:29:43.893+0530] {dagbag.py:539} INFO - Filling up the DagBag from /home/sunbeam/Desktop/SUNBEAM/Big/big_data_project/airflow_home/dags/retail_etl_dag.py
[2026-01-29T20:29:44.192+0530] {processor.py:839} INFO - DAG(s) dict_keys(['retail_etl_dag']) retrieved from /home/sunbeam/Desktop/SUNBEAM/Big/big_data_project/airflow_home/dags/retail_etl_dag.py
[2026-01-29T20:29:44.197+0530] {logging_mixin.py:151} INFO - [2026-01-29T20:29:44.197+0530] {dag.py:2915} INFO - Sync 1 DAGs
[2026-01-29T20:29:44.206+0530] {logging_mixin.py:151} INFO - [2026-01-29T20:29:44.206+0530] {dag.py:3696} INFO - Setting next_dagrun for retail_etl_dag to 2026-01-29T00:00:00+00:00, run_after=2026-01-30T00:00:00+00:00
[2026-01-29T20:29:44.220+0530] {processor.py:179} INFO - Processing /home/sunbeam/Desktop/SUNBEAM/Big/big_data_project/airflow_home/dags/retail_etl_dag.py took 0.332 seconds
[2026-01-29T20:30:20.299+0530] {processor.py:157} INFO - Started process (PID=100340) to work on /home/sunbeam/Desktop/SUNBEAM/Big/big_data_project/airflow_home/dags/retail_etl_dag.py
[2026-01-29T20:30:20.300+0530] {processor.py:829} INFO - Processing file /home/sunbeam/Desktop/SUNBEAM/Big/big_data_project/airflow_home/dags/retail_etl_dag.py for tasks to queue
[2026-01-29T20:30:20.301+0530] {logging_mixin.py:151} INFO - [2026-01-29T20:30:20.300+0530] {dagbag.py:539} INFO - Filling up the DagBag from /home/sunbeam/Desktop/SUNBEAM/Big/big_data_project/airflow_home/dags/retail_etl_dag.py
[2026-01-29T20:30:20.582+0530] {processor.py:839} INFO - DAG(s) dict_keys(['retail_etl_dag']) retrieved from /home/sunbeam/Desktop/SUNBEAM/Big/big_data_project/airflow_home/dags/retail_etl_dag.py
[2026-01-29T20:30:20.588+0530] {logging_mixin.py:151} INFO - [2026-01-29T20:30:20.588+0530] {dag.py:2915} INFO - Sync 1 DAGs
[2026-01-29T20:30:20.597+0530] {logging_mixin.py:151} INFO - [2026-01-29T20:30:20.597+0530] {dag.py:3696} INFO - Setting next_dagrun for retail_etl_dag to 2026-01-29T00:00:00+00:00, run_after=2026-01-30T00:00:00+00:00
[2026-01-29T20:30:20.612+0530] {processor.py:179} INFO - Processing /home/sunbeam/Desktop/SUNBEAM/Big/big_data_project/airflow_home/dags/retail_etl_dag.py took 0.316 seconds
[2026-01-29T20:30:56.888+0530] {processor.py:157} INFO - Started process (PID=100523) to work on /home/sunbeam/Desktop/SUNBEAM/Big/big_data_project/airflow_home/dags/retail_etl_dag.py
[2026-01-29T20:30:56.890+0530] {processor.py:829} INFO - Processing file /home/sunbeam/Desktop/SUNBEAM/Big/big_data_project/airflow_home/dags/retail_etl_dag.py for tasks to queue
[2026-01-29T20:30:56.891+0530] {logging_mixin.py:151} INFO - [2026-01-29T20:30:56.891+0530] {dagbag.py:539} INFO - Filling up the DagBag from /home/sunbeam/Desktop/SUNBEAM/Big/big_data_project/airflow_home/dags/retail_etl_dag.py
[2026-01-29T20:30:57.177+0530] {processor.py:839} INFO - DAG(s) dict_keys(['retail_etl_dag']) retrieved from /home/sunbeam/Desktop/SUNBEAM/Big/big_data_project/airflow_home/dags/retail_etl_dag.py
[2026-01-29T20:30:57.183+0530] {logging_mixin.py:151} INFO - [2026-01-29T20:30:57.183+0530] {dag.py:2915} INFO - Sync 1 DAGs
[2026-01-29T20:30:57.192+0530] {logging_mixin.py:151} INFO - [2026-01-29T20:30:57.192+0530] {dag.py:3696} INFO - Setting next_dagrun for retail_etl_dag to 2026-01-29T00:00:00+00:00, run_after=2026-01-30T00:00:00+00:00
[2026-01-29T20:30:57.207+0530] {processor.py:179} INFO - Processing /home/sunbeam/Desktop/SUNBEAM/Big/big_data_project/airflow_home/dags/retail_etl_dag.py took 0.323 seconds
[2026-01-29T20:31:28.019+0530] {processor.py:157} INFO - Started process (PID=100655) to work on /home/sunbeam/Desktop/SUNBEAM/Big/big_data_project/airflow_home/dags/retail_etl_dag.py
[2026-01-29T20:31:28.021+0530] {processor.py:829} INFO - Processing file /home/sunbeam/Desktop/SUNBEAM/Big/big_data_project/airflow_home/dags/retail_etl_dag.py for tasks to queue
[2026-01-29T20:31:28.022+0530] {logging_mixin.py:151} INFO - [2026-01-29T20:31:28.021+0530] {dagbag.py:539} INFO - Filling up the DagBag from /home/sunbeam/Desktop/SUNBEAM/Big/big_data_project/airflow_home/dags/retail_etl_dag.py
[2026-01-29T20:31:28.305+0530] {processor.py:839} INFO - DAG(s) dict_keys(['retail_etl_dag']) retrieved from /home/sunbeam/Desktop/SUNBEAM/Big/big_data_project/airflow_home/dags/retail_etl_dag.py
[2026-01-29T20:31:28.311+0530] {logging_mixin.py:151} INFO - [2026-01-29T20:31:28.310+0530] {dag.py:2915} INFO - Sync 1 DAGs
[2026-01-29T20:31:28.320+0530] {logging_mixin.py:151} INFO - [2026-01-29T20:31:28.320+0530] {dag.py:3696} INFO - Setting next_dagrun for retail_etl_dag to 2026-01-29T00:00:00+00:00, run_after=2026-01-30T00:00:00+00:00
[2026-01-29T20:31:28.333+0530] {processor.py:179} INFO - Processing /home/sunbeam/Desktop/SUNBEAM/Big/big_data_project/airflow_home/dags/retail_etl_dag.py took 0.317 seconds
[2026-01-29T20:32:01.771+0530] {processor.py:157} INFO - Started process (PID=100826) to work on /home/sunbeam/Desktop/SUNBEAM/Big/big_data_project/airflow_home/dags/retail_etl_dag.py
[2026-01-29T20:32:01.773+0530] {processor.py:829} INFO - Processing file /home/sunbeam/Desktop/SUNBEAM/Big/big_data_project/airflow_home/dags/retail_etl_dag.py for tasks to queue
[2026-01-29T20:32:01.774+0530] {logging_mixin.py:151} INFO - [2026-01-29T20:32:01.774+0530] {dagbag.py:539} INFO - Filling up the DagBag from /home/sunbeam/Desktop/SUNBEAM/Big/big_data_project/airflow_home/dags/retail_etl_dag.py
[2026-01-29T20:32:02.062+0530] {processor.py:839} INFO - DAG(s) dict_keys(['retail_etl_dag']) retrieved from /home/sunbeam/Desktop/SUNBEAM/Big/big_data_project/airflow_home/dags/retail_etl_dag.py
[2026-01-29T20:32:02.067+0530] {logging_mixin.py:151} INFO - [2026-01-29T20:32:02.067+0530] {dag.py:2915} INFO - Sync 1 DAGs
[2026-01-29T20:32:02.076+0530] {logging_mixin.py:151} INFO - [2026-01-29T20:32:02.076+0530] {dag.py:3696} INFO - Setting next_dagrun for retail_etl_dag to 2026-01-29T00:00:00+00:00, run_after=2026-01-30T00:00:00+00:00
[2026-01-29T20:32:02.090+0530] {processor.py:179} INFO - Processing /home/sunbeam/Desktop/SUNBEAM/Big/big_data_project/airflow_home/dags/retail_etl_dag.py took 0.323 seconds
[2026-01-29T20:32:38.599+0530] {processor.py:157} INFO - Started process (PID=100966) to work on /home/sunbeam/Desktop/SUNBEAM/Big/big_data_project/airflow_home/dags/retail_etl_dag.py
[2026-01-29T20:32:38.601+0530] {processor.py:829} INFO - Processing file /home/sunbeam/Desktop/SUNBEAM/Big/big_data_project/airflow_home/dags/retail_etl_dag.py for tasks to queue
[2026-01-29T20:32:38.602+0530] {logging_mixin.py:151} INFO - [2026-01-29T20:32:38.601+0530] {dagbag.py:539} INFO - Filling up the DagBag from /home/sunbeam/Desktop/SUNBEAM/Big/big_data_project/airflow_home/dags/retail_etl_dag.py
[2026-01-29T20:32:38.881+0530] {processor.py:839} INFO - DAG(s) dict_keys(['retail_etl_dag']) retrieved from /home/sunbeam/Desktop/SUNBEAM/Big/big_data_project/airflow_home/dags/retail_etl_dag.py
[2026-01-29T20:32:38.887+0530] {logging_mixin.py:151} INFO - [2026-01-29T20:32:38.887+0530] {dag.py:2915} INFO - Sync 1 DAGs
[2026-01-29T20:32:38.896+0530] {logging_mixin.py:151} INFO - [2026-01-29T20:32:38.896+0530] {dag.py:3696} INFO - Setting next_dagrun for retail_etl_dag to 2026-01-29T00:00:00+00:00, run_after=2026-01-30T00:00:00+00:00
[2026-01-29T20:32:38.909+0530] {processor.py:179} INFO - Processing /home/sunbeam/Desktop/SUNBEAM/Big/big_data_project/airflow_home/dags/retail_etl_dag.py took 0.315 seconds
[2026-01-29T20:33:09.526+0530] {processor.py:157} INFO - Started process (PID=101173) to work on /home/sunbeam/Desktop/SUNBEAM/Big/big_data_project/airflow_home/dags/retail_etl_dag.py
[2026-01-29T20:33:09.528+0530] {processor.py:829} INFO - Processing file /home/sunbeam/Desktop/SUNBEAM/Big/big_data_project/airflow_home/dags/retail_etl_dag.py for tasks to queue
[2026-01-29T20:33:09.528+0530] {logging_mixin.py:151} INFO - [2026-01-29T20:33:09.528+0530] {dagbag.py:539} INFO - Filling up the DagBag from /home/sunbeam/Desktop/SUNBEAM/Big/big_data_project/airflow_home/dags/retail_etl_dag.py
[2026-01-29T20:33:09.832+0530] {processor.py:839} INFO - DAG(s) dict_keys(['retail_etl_dag']) retrieved from /home/sunbeam/Desktop/SUNBEAM/Big/big_data_project/airflow_home/dags/retail_etl_dag.py
[2026-01-29T20:33:09.838+0530] {logging_mixin.py:151} INFO - [2026-01-29T20:33:09.837+0530] {dag.py:2915} INFO - Sync 1 DAGs
[2026-01-29T20:33:09.847+0530] {logging_mixin.py:151} INFO - [2026-01-29T20:33:09.847+0530] {dag.py:3696} INFO - Setting next_dagrun for retail_etl_dag to 2026-01-29T00:00:00+00:00, run_after=2026-01-30T00:00:00+00:00
[2026-01-29T20:33:09.859+0530] {processor.py:179} INFO - Processing /home/sunbeam/Desktop/SUNBEAM/Big/big_data_project/airflow_home/dags/retail_etl_dag.py took 0.335 seconds
